{"numFailedTestSuites":3,"numFailedTests":7,"numPassedTestSuites":37,"numPassedTests":318,"numPendingTestSuites":0,"numPendingTests":0,"numRuntimeErrorTestSuites":0,"numTodoTests":0,"numTotalTestSuites":40,"numTotalTests":325,"openHandles":[],"snapshot":{"added":0,"didUpdate":false,"failure":false,"filesAdded":0,"filesRemoved":0,"filesRemovedList":[],"filesUnmatched":0,"filesUpdated":0,"matched":0,"total":0,"unchecked":0,"uncheckedKeysByFile":[],"unmatched":0,"updated":0},"startTime":1771639628485,"success":false,"testResults":[{"assertionResults":[{"ancestorTitles":["KaraokePlayer"],"duration":422,"failureDetails":[{}],"failureMessages":["ReferenceError: Worker is not defined\n    at /home/k/Downloads/muzika/audio-karaoke-app/src/hooks/useAutoKey.ts:27:24\n    at Object.react_stack_bottom_frame (/home/k/Downloads/muzika/audio-karaoke-app/node_modules/react-dom/cjs/react-dom-client.development.js:25989:20)\n    at runWithFiberInDEV (/home/k/Downloads/muzika/audio-karaoke-app/node_modules/react-dom/cjs/react-dom-client.development.js:874:13)\n    at commitHookEffectListMount (/home/k/Downloads/muzika/audio-karaoke-app/node_modules/react-dom/cjs/react-dom-client.development.js:13249:29)\n    at commitHookPassiveMountEffects (/home/k/Downloads/muzika/audio-karaoke-app/node_modules/react-dom/cjs/react-dom-client.development.js:13336:11)\n    at commitPassiveMountOnFiber (/home/k/Downloads/muzika/audio-karaoke-app/node_modules/react-dom/cjs/react-dom-client.development.js:15484:13)\n    at recursivelyTraversePassiveMountEffects (/home/k/Downloads/muzika/audio-karaoke-app/node_modules/react-dom/cjs/react-dom-client.development.js:15439:11)\n    at commitPassiveMountOnFiber (/home/k/Downloads/muzika/audio-karaoke-app/node_modules/react-dom/cjs/react-dom-client.development.js:15718:11)\n    at recursivelyTraversePassiveMountEffects (/home/k/Downloads/muzika/audio-karaoke-app/node_modules/react-dom/cjs/react-dom-client.development.js:15439:11)\n    at commitPassiveMountOnFiber (/home/k/Downloads/muzika/audio-karaoke-app/node_modules/react-dom/cjs/react-dom-client.development.js:15476:11)\n    at recursivelyTraversePassiveMountEffects (/home/k/Downloads/muzika/audio-karaoke-app/node_modules/react-dom/cjs/react-dom-client.development.js:15439:11)\n    at commitPassiveMountOnFiber (/home/k/Downloads/muzika/audio-karaoke-app/node_modules/react-dom/cjs/react-dom-client.development.js:15476:11)\n    at recursivelyTraversePassiveMountEffects (/home/k/Downloads/muzika/audio-karaoke-app/node_modules/react-dom/cjs/react-dom-client.development.js:15439:11)\n    at commitPassiveMountOnFiber (/home/k/Downloads/muzika/audio-karaoke-app/node_modules/react-dom/cjs/react-dom-client.development.js:15519:11)\n    at flushPassiveEffects (/home/k/Downloads/muzika/audio-karaoke-app/node_modules/react-dom/cjs/react-dom-client.development.js:18432:9)\n    at /home/k/Downloads/muzika/audio-karaoke-app/node_modules/react-dom/cjs/react-dom-client.development.js:17923:15\n    at flushActQueue (/home/k/Downloads/muzika/audio-karaoke-app/node_modules/react/cjs/react.development.js:590:34)\n    at Object.<anonymous>.process.env.NODE_ENV.exports.act (/home/k/Downloads/muzika/audio-karaoke-app/node_modules/react/cjs/react.development.js:884:10)\n    at /home/k/Downloads/muzika/audio-karaoke-app/node_modules/@testing-library/react/dist/act-compat.js:46:25\n    at renderRoot (/home/k/Downloads/muzika/audio-karaoke-app/node_modules/@testing-library/react/dist/pure.js:189:26)\n    at render (/home/k/Downloads/muzika/audio-karaoke-app/node_modules/@testing-library/react/dist/pure.js:291:10)\n    at Object.<anonymous> (/home/k/Downloads/muzika/audio-karaoke-app/src/components/Karaoke/__tests__/KaraokePlayer.test.tsx:174:15)\n    at Promise.then.completed (/home/k/Downloads/muzika/audio-karaoke-app/node_modules/jest-circus/build/utils.js:298:28)\n    at new Promise (<anonymous>)\n    at callAsyncCircusFn (/home/k/Downloads/muzika/audio-karaoke-app/node_modules/jest-circus/build/utils.js:231:10)\n    at _callCircusTest (/home/k/Downloads/muzika/audio-karaoke-app/node_modules/jest-circus/build/run.js:316:40)\n    at processTicksAndRejections (node:internal/process/task_queues:104:5)\n    at _runTest (/home/k/Downloads/muzika/audio-karaoke-app/node_modules/jest-circus/build/run.js:252:3)\n    at _runTestsForDescribeBlock (/home/k/Downloads/muzika/audio-karaoke-app/node_modules/jest-circus/build/run.js:126:9)\n    at _runTestsForDescribeBlock (/home/k/Downloads/muzika/audio-karaoke-app/node_modules/jest-circus/build/run.js:121:9)\n    at run (/home/k/Downloads/muzika/audio-karaoke-app/node_modules/jest-circus/build/run.js:71:3)\n    at runAndTransformResultsToJestFormat (/home/k/Downloads/muzika/audio-karaoke-app/node_modules/jest-circus/build/legacy-code-todo-rewrite/jestAdapterInit.js:122:21)\n    at jestAdapter (/home/k/Downloads/muzika/audio-karaoke-app/node_modules/jest-circus/build/legacy-code-todo-rewrite/jestAdapter.js:79:19)\n    at runTestInternal (/home/k/Downloads/muzika/audio-karaoke-app/node_modules/jest-runner/build/runTest.js:367:16)\n    at runTest (/home/k/Downloads/muzika/audio-karaoke-app/node_modules/jest-runner/build/runTest.js:444:34)\n    at Object.worker (/home/k/Downloads/muzika/audio-karaoke-app/node_modules/jest-runner/build/testWorker.js:106:12)"],"fullName":"KaraokePlayer renders without crashing","invocations":1,"location":null,"numPassingAsserts":0,"retryReasons":[],"status":"failed","title":"renders without crashing"},{"ancestorTitles":["KaraokePlayer"],"duration":37,"failureDetails":[{}],"failureMessages":["ReferenceError: Worker is not defined\n    at /home/k/Downloads/muzika/audio-karaoke-app/src/hooks/useAutoKey.ts:27:24\n    at Object.react_stack_bottom_frame (/home/k/Downloads/muzika/audio-karaoke-app/node_modules/react-dom/cjs/react-dom-client.development.js:25989:20)\n    at runWithFiberInDEV (/home/k/Downloads/muzika/audio-karaoke-app/node_modules/react-dom/cjs/react-dom-client.development.js:874:13)\n    at commitHookEffectListMount (/home/k/Downloads/muzika/audio-karaoke-app/node_modules/react-dom/cjs/react-dom-client.development.js:13249:29)\n    at commitHookPassiveMountEffects (/home/k/Downloads/muzika/audio-karaoke-app/node_modules/react-dom/cjs/react-dom-client.development.js:13336:11)\n    at commitPassiveMountOnFiber (/home/k/Downloads/muzika/audio-karaoke-app/node_modules/react-dom/cjs/react-dom-client.development.js:15484:13)\n    at recursivelyTraversePassiveMountEffects (/home/k/Downloads/muzika/audio-karaoke-app/node_modules/react-dom/cjs/react-dom-client.development.js:15439:11)\n    at commitPassiveMountOnFiber (/home/k/Downloads/muzika/audio-karaoke-app/node_modules/react-dom/cjs/react-dom-client.development.js:15718:11)\n    at recursivelyTraversePassiveMountEffects (/home/k/Downloads/muzika/audio-karaoke-app/node_modules/react-dom/cjs/react-dom-client.development.js:15439:11)\n    at commitPassiveMountOnFiber (/home/k/Downloads/muzika/audio-karaoke-app/node_modules/react-dom/cjs/react-dom-client.development.js:15476:11)\n    at recursivelyTraversePassiveMountEffects (/home/k/Downloads/muzika/audio-karaoke-app/node_modules/react-dom/cjs/react-dom-client.development.js:15439:11)\n    at commitPassiveMountOnFiber (/home/k/Downloads/muzika/audio-karaoke-app/node_modules/react-dom/cjs/react-dom-client.development.js:15476:11)\n    at recursivelyTraversePassiveMountEffects (/home/k/Downloads/muzika/audio-karaoke-app/node_modules/react-dom/cjs/react-dom-client.development.js:15439:11)\n    at commitPassiveMountOnFiber (/home/k/Downloads/muzika/audio-karaoke-app/node_modules/react-dom/cjs/react-dom-client.development.js:15519:11)\n    at flushPassiveEffects (/home/k/Downloads/muzika/audio-karaoke-app/node_modules/react-dom/cjs/react-dom-client.development.js:18432:9)\n    at /home/k/Downloads/muzika/audio-karaoke-app/node_modules/react-dom/cjs/react-dom-client.development.js:17923:15\n    at flushActQueue (/home/k/Downloads/muzika/audio-karaoke-app/node_modules/react/cjs/react.development.js:590:34)\n    at Object.<anonymous>.process.env.NODE_ENV.exports.act (/home/k/Downloads/muzika/audio-karaoke-app/node_modules/react/cjs/react.development.js:884:10)\n    at /home/k/Downloads/muzika/audio-karaoke-app/node_modules/@testing-library/react/dist/act-compat.js:46:25\n    at renderRoot (/home/k/Downloads/muzika/audio-karaoke-app/node_modules/@testing-library/react/dist/pure.js:189:26)\n    at render (/home/k/Downloads/muzika/audio-karaoke-app/node_modules/@testing-library/react/dist/pure.js:291:10)\n    at Object.<anonymous> (/home/k/Downloads/muzika/audio-karaoke-app/src/components/Karaoke/__tests__/KaraokePlayer.test.tsx:179:15)\n    at Promise.then.completed (/home/k/Downloads/muzika/audio-karaoke-app/node_modules/jest-circus/build/utils.js:298:28)\n    at new Promise (<anonymous>)\n    at callAsyncCircusFn (/home/k/Downloads/muzika/audio-karaoke-app/node_modules/jest-circus/build/utils.js:231:10)\n    at _callCircusTest (/home/k/Downloads/muzika/audio-karaoke-app/node_modules/jest-circus/build/run.js:316:40)\n    at processTicksAndRejections (node:internal/process/task_queues:104:5)\n    at _runTest (/home/k/Downloads/muzika/audio-karaoke-app/node_modules/jest-circus/build/run.js:252:3)\n    at _runTestsForDescribeBlock (/home/k/Downloads/muzika/audio-karaoke-app/node_modules/jest-circus/build/run.js:126:9)\n    at _runTestsForDescribeBlock (/home/k/Downloads/muzika/audio-karaoke-app/node_modules/jest-circus/build/run.js:121:9)\n    at run (/home/k/Downloads/muzika/audio-karaoke-app/node_modules/jest-circus/build/run.js:71:3)\n    at runAndTransformResultsToJestFormat (/home/k/Downloads/muzika/audio-karaoke-app/node_modules/jest-circus/build/legacy-code-todo-rewrite/jestAdapterInit.js:122:21)\n    at jestAdapter (/home/k/Downloads/muzika/audio-karaoke-app/node_modules/jest-circus/build/legacy-code-todo-rewrite/jestAdapter.js:79:19)\n    at runTestInternal (/home/k/Downloads/muzika/audio-karaoke-app/node_modules/jest-runner/build/runTest.js:367:16)\n    at runTest (/home/k/Downloads/muzika/audio-karaoke-app/node_modules/jest-runner/build/runTest.js:444:34)\n    at Object.worker (/home/k/Downloads/muzika/audio-karaoke-app/node_modules/jest-runner/build/testWorker.js:106:12)"],"fullName":"KaraokePlayer shows pitch analysis button","invocations":1,"location":null,"numPassingAsserts":0,"retryReasons":[],"status":"failed","title":"shows pitch analysis button"}],"endTime":1771639636926,"message":"  ● KaraokePlayer › renders without crashing\n\n    ReferenceError: Worker is not defined\n\n      25 |     useEffect(() => {\n      26 |         // Spin up the worker\n    > 27 |         const worker = new Worker(\n         |                        ^\n      28 |             new URL('../workers/keyDetection.worker.ts', import.meta.url),\n      29 |             { type: 'module' },\n      30 |         );\n\n      at src/hooks/useAutoKey.ts:27:24\n      at Object.react_stack_bottom_frame (node_modules/react-dom/cjs/react-dom-client.development.js:25989:20)\n      at runWithFiberInDEV (node_modules/react-dom/cjs/react-dom-client.development.js:874:13)\n      at commitHookEffectListMount (node_modules/react-dom/cjs/react-dom-client.development.js:13249:29)\n      at commitHookPassiveMountEffects (node_modules/react-dom/cjs/react-dom-client.development.js:13336:11)\n      at commitPassiveMountOnFiber (node_modules/react-dom/cjs/react-dom-client.development.js:15484:13)\n      at recursivelyTraversePassiveMountEffects (node_modules/react-dom/cjs/react-dom-client.development.js:15439:11)\n      at commitPassiveMountOnFiber (node_modules/react-dom/cjs/react-dom-client.development.js:15718:11)\n      at recursivelyTraversePassiveMountEffects (node_modules/react-dom/cjs/react-dom-client.development.js:15439:11)\n      at commitPassiveMountOnFiber (node_modules/react-dom/cjs/react-dom-client.development.js:15476:11)\n      at recursivelyTraversePassiveMountEffects (node_modules/react-dom/cjs/react-dom-client.development.js:15439:11)\n      at commitPassiveMountOnFiber (node_modules/react-dom/cjs/react-dom-client.development.js:15476:11)\n      at recursivelyTraversePassiveMountEffects (node_modules/react-dom/cjs/react-dom-client.development.js:15439:11)\n      at commitPassiveMountOnFiber (node_modules/react-dom/cjs/react-dom-client.development.js:15519:11)\n      at flushPassiveEffects (node_modules/react-dom/cjs/react-dom-client.development.js:18432:9)\n      at node_modules/react-dom/cjs/react-dom-client.development.js:17923:15\n      at flushActQueue (node_modules/react/cjs/react.development.js:590:34)\n      at Object.<anonymous>.process.env.NODE_ENV.exports.act (node_modules/react/cjs/react.development.js:884:10)\n      at node_modules/@testing-library/react/dist/act-compat.js:46:25\n      at renderRoot (node_modules/@testing-library/react/dist/pure.js:189:26)\n      at render (node_modules/@testing-library/react/dist/pure.js:291:10)\n      at Object.<anonymous> (src/components/Karaoke/__tests__/KaraokePlayer.test.tsx:174:15)\n\n  ● KaraokePlayer › shows pitch analysis button\n\n    ReferenceError: Worker is not defined\n\n      25 |     useEffect(() => {\n      26 |         // Spin up the worker\n    > 27 |         const worker = new Worker(\n         |                        ^\n      28 |             new URL('../workers/keyDetection.worker.ts', import.meta.url),\n      29 |             { type: 'module' },\n      30 |         );\n\n      at src/hooks/useAutoKey.ts:27:24\n      at Object.react_stack_bottom_frame (node_modules/react-dom/cjs/react-dom-client.development.js:25989:20)\n      at runWithFiberInDEV (node_modules/react-dom/cjs/react-dom-client.development.js:874:13)\n      at commitHookEffectListMount (node_modules/react-dom/cjs/react-dom-client.development.js:13249:29)\n      at commitHookPassiveMountEffects (node_modules/react-dom/cjs/react-dom-client.development.js:13336:11)\n      at commitPassiveMountOnFiber (node_modules/react-dom/cjs/react-dom-client.development.js:15484:13)\n      at recursivelyTraversePassiveMountEffects (node_modules/react-dom/cjs/react-dom-client.development.js:15439:11)\n      at commitPassiveMountOnFiber (node_modules/react-dom/cjs/react-dom-client.development.js:15718:11)\n      at recursivelyTraversePassiveMountEffects (node_modules/react-dom/cjs/react-dom-client.development.js:15439:11)\n      at commitPassiveMountOnFiber (node_modules/react-dom/cjs/react-dom-client.development.js:15476:11)\n      at recursivelyTraversePassiveMountEffects (node_modules/react-dom/cjs/react-dom-client.development.js:15439:11)\n      at commitPassiveMountOnFiber (node_modules/react-dom/cjs/react-dom-client.development.js:15476:11)\n      at recursivelyTraversePassiveMountEffects (node_modules/react-dom/cjs/react-dom-client.development.js:15439:11)\n      at commitPassiveMountOnFiber (node_modules/react-dom/cjs/react-dom-client.development.js:15519:11)\n      at flushPassiveEffects (node_modules/react-dom/cjs/react-dom-client.development.js:18432:9)\n      at node_modules/react-dom/cjs/react-dom-client.development.js:17923:15\n      at flushActQueue (node_modules/react/cjs/react.development.js:590:34)\n      at Object.<anonymous>.process.env.NODE_ENV.exports.act (node_modules/react/cjs/react.development.js:884:10)\n      at node_modules/@testing-library/react/dist/act-compat.js:46:25\n      at renderRoot (node_modules/@testing-library/react/dist/pure.js:189:26)\n      at render (node_modules/@testing-library/react/dist/pure.js:291:10)\n      at Object.<anonymous> (src/components/Karaoke/__tests__/KaraokePlayer.test.tsx:179:15)\n","name":"/home/k/Downloads/muzika/audio-karaoke-app/src/components/Karaoke/__tests__/KaraokePlayer.test.tsx","startTime":1771639633540,"status":"failed","summary":""},{"assertionResults":[{"ancestorTitles":["/api/proxy-model","GET - Validation"],"duration":44,"failureDetails":[],"failureMessages":[],"fullName":"/api/proxy-model GET - Validation should return 400 for missing URL parameter","invocations":1,"location":null,"numPassingAsserts":2,"retryReasons":[],"status":"passed","title":"should return 400 for missing URL parameter"},{"ancestorTitles":["/api/proxy-model","GET - Validation"],"duration":8,"failureDetails":[],"failureMessages":[],"fullName":"/api/proxy-model GET - Validation should return 400 for invalid URL format","invocations":1,"location":null,"numPassingAsserts":2,"retryReasons":[],"status":"passed","title":"should return 400 for invalid URL format"},{"ancestorTitles":["/api/proxy-model","GET - Validation"],"duration":6,"failureDetails":[],"failureMessages":[],"fullName":"/api/proxy-model GET - Validation should return 403 for disallowed domain","invocations":1,"location":null,"numPassingAsserts":2,"retryReasons":[],"status":"passed","title":"should return 403 for disallowed domain"},{"ancestorTitles":["/api/proxy-model","GET - Allowed Domains"],"duration":1112,"failureDetails":[],"failureMessages":[],"fullName":"/api/proxy-model GET - Allowed Domains should accept allowed domain: github.com","invocations":1,"location":null,"numPassingAsserts":2,"retryReasons":[],"status":"passed","title":"should accept allowed domain: github.com"},{"ancestorTitles":["/api/proxy-model","GET - Allowed Domains"],"duration":1016,"failureDetails":[],"failureMessages":[],"fullName":"/api/proxy-model GET - Allowed Domains should accept allowed domain: raw.githubusercontent.com","invocations":1,"location":null,"numPassingAsserts":2,"retryReasons":[],"status":"passed","title":"should accept allowed domain: raw.githubusercontent.com"},{"ancestorTitles":["/api/proxy-model","GET - Allowed Domains"],"duration":1014,"failureDetails":[],"failureMessages":[],"fullName":"/api/proxy-model GET - Allowed Domains should accept allowed domain: huggingface.co","invocations":1,"location":null,"numPassingAsserts":2,"retryReasons":[],"status":"passed","title":"should accept allowed domain: huggingface.co"},{"ancestorTitles":["/api/proxy-model","GET - Allowed Domains"],"duration":1012,"failureDetails":[],"failureMessages":[],"fullName":"/api/proxy-model GET - Allowed Domains should accept allowed domain: cdn-lfs.huggingface.co","invocations":1,"location":null,"numPassingAsserts":2,"retryReasons":[],"status":"passed","title":"should accept allowed domain: cdn-lfs.huggingface.co"},{"ancestorTitles":["/api/proxy-model","GET - Range Header Support"],"duration":1021,"failureDetails":[],"failureMessages":[],"fullName":"/api/proxy-model GET - Range Header Support should pass through range headers for resumed downloads","invocations":1,"location":null,"numPassingAsserts":1,"retryReasons":[],"status":"passed","title":"should pass through range headers for resumed downloads"},{"ancestorTitles":["/api/proxy-model","GET - Error Handling"],"duration":1045,"failureDetails":[{"matcherResult":{"actual":502,"expected":500,"message":"expect(received).toBe(expected) // Object.is equality\n\nExpected: 500\nReceived: 502","name":"toBe","pass":false}}],"failureMessages":["Error: expect(received).toBe(expected) // Object.is equality\n\nExpected: 500\nReceived: 502\n    at Object.toBe (/home/k/Downloads/muzika/audio-karaoke-app/src/app/api/__tests__/proxy-model.test.ts:151:37)"],"fullName":"/api/proxy-model GET - Error Handling should handle fetch errors gracefully","invocations":1,"location":null,"numPassingAsserts":0,"retryReasons":[],"status":"failed","title":"should handle fetch errors gracefully"},{"ancestorTitles":["/api/proxy-model","GET - Error Handling"],"duration":1021,"failureDetails":[{"matcherResult":{"actual":502,"expected":404,"message":"expect(received).toBe(expected) // Object.is equality\n\nExpected: 404\nReceived: 502","name":"toBe","pass":false}}],"failureMessages":["Error: expect(received).toBe(expected) // Object.is equality\n\nExpected: 404\nReceived: 502\n    at Object.toBe (/home/k/Downloads/muzika/audio-karaoke-app/src/app/api/__tests__/proxy-model.test.ts:167:37)"],"fullName":"/api/proxy-model GET - Error Handling should handle non-ok responses","invocations":1,"location":null,"numPassingAsserts":0,"retryReasons":[],"status":"failed","title":"should handle non-ok responses"},{"ancestorTitles":["/api/proxy-model","GET - Response Headers"],"duration":1022,"failureDetails":[],"failureMessages":[],"fullName":"/api/proxy-model GET - Response Headers should set correct caching headers for successful response","invocations":1,"location":null,"numPassingAsserts":1,"retryReasons":[],"status":"passed","title":"should set correct caching headers for successful response"}],"endTime":1771639645145,"message":"  ● /api/proxy-model › GET - Error Handling › should handle fetch errors gracefully\n\n    expect(received).toBe(expected) // Object.is equality\n\n    Expected: 500\n    Received: 502\n\n      149 |             const data = await response.json();\n      150 |\n    > 151 |             expect(response.status).toBe(500);\n          |                                     ^\n      152 |             expect(data).toHaveProperty('error');\n      153 |         });\n      154 |\n\n      at Object.toBe (src/app/api/__tests__/proxy-model.test.ts:151:37)\n\n  ● /api/proxy-model › GET - Error Handling › should handle non-ok responses\n\n    expect(received).toBe(expected) // Object.is equality\n\n    Expected: 404\n    Received: 502\n\n      165 |             const response = await GET(request);\n      166 |\n    > 167 |             expect(response.status).toBe(404);\n          |                                     ^\n      168 |         });\n      169 |     });\n      170 |\n\n      at Object.toBe (src/app/api/__tests__/proxy-model.test.ts:167:37)\n","name":"/home/k/Downloads/muzika/audio-karaoke-app/src/app/api/__tests__/proxy-model.test.ts","startTime":1771639633592,"status":"failed","summary":""},{"assertionResults":[{"ancestorTitles":["audioProcessor","segmentAudio"],"duration":2982,"failureDetails":[],"failureMessages":[],"fullName":"audioProcessor segmentAudio should segment audio into correct number of chunks","invocations":1,"location":null,"numPassingAsserts":4,"retryReasons":[],"status":"passed","title":"should segment audio into correct number of chunks"},{"ancestorTitles":["audioProcessor","segmentAudio"],"duration":2239,"failureDetails":[],"failureMessages":[],"fullName":"audioProcessor segmentAudio should include overlap in segments","invocations":1,"location":null,"numPassingAsserts":1,"retryReasons":[],"status":"passed","title":"should include overlap in segments"},{"ancestorTitles":["audioProcessor","mergeSegments"],"duration":74,"failureDetails":[],"failureMessages":[],"fullName":"audioProcessor mergeSegments should merge segments correctly","invocations":1,"location":null,"numPassingAsserts":4,"retryReasons":[],"status":"passed","title":"should merge segments correctly"},{"ancestorTitles":["audioProcessor","mergeSegments"],"duration":31,"failureDetails":[],"failureMessages":[],"fullName":"audioProcessor mergeSegments should throw error for empty segments","invocations":1,"location":null,"numPassingAsserts":1,"retryReasons":[],"status":"passed","title":"should throw error for empty segments"},{"ancestorTitles":["audioProcessor","normalizeAudio"],"duration":2,"failureDetails":[],"failureMessages":[],"fullName":"audioProcessor normalizeAudio should normalize audio data","invocations":1,"location":null,"numPassingAsserts":1,"retryReasons":[],"status":"passed","title":"should normalize audio data"},{"ancestorTitles":["audioProcessor","normalizeAudio"],"duration":3,"failureDetails":[],"failureMessages":[],"fullName":"audioProcessor normalizeAudio should handle zero input","invocations":1,"location":null,"numPassingAsserts":1,"retryReasons":[],"status":"passed","title":"should handle zero input"},{"ancestorTitles":["audioProcessor","normalizeAudio"],"duration":1,"failureDetails":[],"failureMessages":[],"fullName":"audioProcessor normalizeAudio should preserve relative amplitudes","invocations":1,"location":null,"numPassingAsserts":2,"retryReasons":[],"status":"passed","title":"should preserve relative amplitudes"}],"endTime":1771639651009,"message":"","name":"/home/k/Downloads/muzika/audio-karaoke-app/src/utils/audio/__tests__/audioProcessor.test.ts","startTime":1771639645379,"status":"passed","summary":""},{"assertionResults":[{"ancestorTitles":["separateAudio"],"duration":137,"failureDetails":[],"failureMessages":[],"fullName":"separateAudio should check cache before processing","invocations":1,"location":null,"numPassingAsserts":2,"retryReasons":[],"status":"passed","title":"should check cache before processing"},{"ancestorTitles":["separateAudio"],"duration":5008,"failureDetails":[{"message":"thrown: \"Exceeded timeout of 5000 ms for a test.\nAdd a timeout value to this test to increase the timeout, if this is a long-running test. See https://jestjs.io/docs/api#testname-fn-timeout.\""}],"failureMessages":["Error: thrown: \"Exceeded timeout of 5000 ms for a test.\nAdd a timeout value to this test to increase the timeout, if this is a long-running test. See https://jestjs.io/docs/api#testname-fn-timeout.\"\n    at it (/home/k/Downloads/muzika/audio-karaoke-app/src/utils/ml/__tests__/separateAudio.test.ts:121:5)\n    at _dispatchDescribe (/home/k/Downloads/muzika/audio-karaoke-app/node_modules/jest-circus/build/index.js:91:26)\n    at describe (/home/k/Downloads/muzika/audio-karaoke-app/node_modules/jest-circus/build/index.js:55:5)\n    at Object.describe (/home/k/Downloads/muzika/audio-karaoke-app/src/utils/ml/__tests__/separateAudio.test.ts:73:1)\n    at Runtime._execModule (/home/k/Downloads/muzika/audio-karaoke-app/node_modules/jest-runtime/build/index.js:1439:24)\n    at Runtime._loadModule (/home/k/Downloads/muzika/audio-karaoke-app/node_modules/jest-runtime/build/index.js:1022:12)\n    at Runtime.requireModule (/home/k/Downloads/muzika/audio-karaoke-app/node_modules/jest-runtime/build/index.js:882:12)\n    at jestAdapter (/home/k/Downloads/muzika/audio-karaoke-app/node_modules/jest-circus/build/legacy-code-todo-rewrite/jestAdapter.js:77:13)\n    at processTicksAndRejections (node:internal/process/task_queues:104:5)\n    at runTestInternal (/home/k/Downloads/muzika/audio-karaoke-app/node_modules/jest-runner/build/runTest.js:367:16)\n    at runTest (/home/k/Downloads/muzika/audio-karaoke-app/node_modules/jest-runner/build/runTest.js:444:34)\n    at Object.worker (/home/k/Downloads/muzika/audio-karaoke-app/node_modules/jest-runner/build/testWorker.js:106:12)"],"fullName":"separateAudio should process if cache miss","invocations":1,"location":null,"numPassingAsserts":0,"retryReasons":[],"status":"failed","title":"should process if cache miss"},{"ancestorTitles":["separateAudio","Smart Routing"],"duration":5002,"failureDetails":[{"message":"thrown: \"Exceeded timeout of 5000 ms for a test.\nAdd a timeout value to this test to increase the timeout, if this is a long-running test. See https://jestjs.io/docs/api#testname-fn-timeout.\""}],"failureMessages":["Error: thrown: \"Exceeded timeout of 5000 ms for a test.\nAdd a timeout value to this test to increase the timeout, if this is a long-running test. See https://jestjs.io/docs/api#testname-fn-timeout.\"\n    at it (/home/k/Downloads/muzika/audio-karaoke-app/src/utils/ml/__tests__/separateAudio.test.ts:139:9)\n    at _dispatchDescribe (/home/k/Downloads/muzika/audio-karaoke-app/node_modules/jest-circus/build/index.js:91:26)\n    at describe (/home/k/Downloads/muzika/audio-karaoke-app/node_modules/jest-circus/build/index.js:55:5)\n    at describe (/home/k/Downloads/muzika/audio-karaoke-app/src/utils/ml/__tests__/separateAudio.test.ts:134:5)\n    at _dispatchDescribe (/home/k/Downloads/muzika/audio-karaoke-app/node_modules/jest-circus/build/index.js:91:26)\n    at describe (/home/k/Downloads/muzika/audio-karaoke-app/node_modules/jest-circus/build/index.js:55:5)\n    at Object.describe (/home/k/Downloads/muzika/audio-karaoke-app/src/utils/ml/__tests__/separateAudio.test.ts:73:1)\n    at Runtime._execModule (/home/k/Downloads/muzika/audio-karaoke-app/node_modules/jest-runtime/build/index.js:1439:24)\n    at Runtime._loadModule (/home/k/Downloads/muzika/audio-karaoke-app/node_modules/jest-runtime/build/index.js:1022:12)\n    at Runtime.requireModule (/home/k/Downloads/muzika/audio-karaoke-app/node_modules/jest-runtime/build/index.js:882:12)\n    at jestAdapter (/home/k/Downloads/muzika/audio-karaoke-app/node_modules/jest-circus/build/legacy-code-todo-rewrite/jestAdapter.js:77:13)\n    at processTicksAndRejections (node:internal/process/task_queues:104:5)\n    at runTestInternal (/home/k/Downloads/muzika/audio-karaoke-app/node_modules/jest-runner/build/runTest.js:367:16)\n    at runTest (/home/k/Downloads/muzika/audio-karaoke-app/node_modules/jest-runner/build/runTest.js:444:34)\n    at Object.worker (/home/k/Downloads/muzika/audio-karaoke-app/node_modules/jest-runner/build/testWorker.js:106:12)"],"fullName":"separateAudio Smart Routing should use client-side default processing for high-end devices","invocations":1,"location":null,"numPassingAsserts":0,"retryReasons":[],"status":"failed","title":"should use client-side default processing for high-end devices"},{"ancestorTitles":["separateAudio","Smart Routing"],"duration":48,"failureDetails":[],"failureMessages":[],"fullName":"separateAudio Smart Routing should route to server for server-only models","invocations":1,"location":null,"numPassingAsserts":3,"retryReasons":[],"status":"passed","title":"should route to server for server-only models"},{"ancestorTitles":["separateAudio","Smart Routing"],"duration":50,"failureDetails":[],"failureMessages":[],"fullName":"separateAudio Smart Routing should offload to server for low-end devices if available","invocations":1,"location":null,"numPassingAsserts":2,"retryReasons":[],"status":"passed","title":"should offload to server for low-end devices if available"},{"ancestorTitles":["separateAudio","Smart Routing"],"duration":5004,"failureDetails":[{"message":"thrown: \"Exceeded timeout of 5000 ms for a test.\nAdd a timeout value to this test to increase the timeout, if this is a long-running test. See https://jestjs.io/docs/api#testname-fn-timeout.\""}],"failureMessages":["Error: thrown: \"Exceeded timeout of 5000 ms for a test.\nAdd a timeout value to this test to increase the timeout, if this is a long-running test. See https://jestjs.io/docs/api#testname-fn-timeout.\"\n    at it (/home/k/Downloads/muzika/audio-karaoke-app/src/utils/ml/__tests__/separateAudio.test.ts:233:9)\n    at _dispatchDescribe (/home/k/Downloads/muzika/audio-karaoke-app/node_modules/jest-circus/build/index.js:91:26)\n    at describe (/home/k/Downloads/muzika/audio-karaoke-app/node_modules/jest-circus/build/index.js:55:5)\n    at describe (/home/k/Downloads/muzika/audio-karaoke-app/src/utils/ml/__tests__/separateAudio.test.ts:134:5)\n    at _dispatchDescribe (/home/k/Downloads/muzika/audio-karaoke-app/node_modules/jest-circus/build/index.js:91:26)\n    at describe (/home/k/Downloads/muzika/audio-karaoke-app/node_modules/jest-circus/build/index.js:55:5)\n    at Object.describe (/home/k/Downloads/muzika/audio-karaoke-app/src/utils/ml/__tests__/separateAudio.test.ts:73:1)\n    at Runtime._execModule (/home/k/Downloads/muzika/audio-karaoke-app/node_modules/jest-runtime/build/index.js:1439:24)\n    at Runtime._loadModule (/home/k/Downloads/muzika/audio-karaoke-app/node_modules/jest-runtime/build/index.js:1022:12)\n    at Runtime.requireModule (/home/k/Downloads/muzika/audio-karaoke-app/node_modules/jest-runtime/build/index.js:882:12)\n    at jestAdapter (/home/k/Downloads/muzika/audio-karaoke-app/node_modules/jest-circus/build/legacy-code-todo-rewrite/jestAdapter.js:77:13)\n    at processTicksAndRejections (node:internal/process/task_queues:104:5)\n    at runTestInternal (/home/k/Downloads/muzika/audio-karaoke-app/node_modules/jest-runner/build/runTest.js:367:16)\n    at runTest (/home/k/Downloads/muzika/audio-karaoke-app/node_modules/jest-runner/build/runTest.js:444:34)\n    at Object.worker (/home/k/Downloads/muzika/audio-karaoke-app/node_modules/jest-runner/build/testWorker.js:106:12)"],"fullName":"separateAudio Smart Routing should fallback to client-side if server request fails","invocations":1,"location":null,"numPassingAsserts":0,"retryReasons":[],"status":"failed","title":"should fallback to client-side if server request fails"}],"endTime":1771639651967,"message":"  ● separateAudio › should process if cache miss\n\n    thrown: \"Exceeded timeout of 5000 ms for a test.\n    Add a timeout value to this test to increase the timeout, if this is a long-running test. See https://jestjs.io/docs/api#testname-fn-timeout.\"\n\n      119 |     });\n      120 |\n    > 121 |     it('should process if cache miss', async () => {\n          |     ^\n      122 |         (audioCache.getCachedAudio as jest.Mock).mockResolvedValue(null);\n      123 |\n      124 |         const onProgress = jest.fn();\n\n      at it (src/utils/ml/__tests__/separateAudio.test.ts:121:5)\n      at Object.describe (src/utils/ml/__tests__/separateAudio.test.ts:73:1)\n\n  ● separateAudio › Smart Routing › should use client-side default processing for high-end devices\n\n    thrown: \"Exceeded timeout of 5000 ms for a test.\n    Add a timeout value to this test to increase the timeout, if this is a long-running test. See https://jestjs.io/docs/api#testname-fn-timeout.\"\n\n      137 |         });\n      138 |\n    > 139 |         it('should use client-side default processing for high-end devices', async () => {\n          |         ^\n      140 |              // Setup: High-end device (already set in beforeEach), standard model\n      141 |              // Expect: No server status check, normal client processing\n      142 |              \n\n      at it (src/utils/ml/__tests__/separateAudio.test.ts:139:9)\n      at describe (src/utils/ml/__tests__/separateAudio.test.ts:134:5)\n      at Object.describe (src/utils/ml/__tests__/separateAudio.test.ts:73:1)\n\n  ● separateAudio › Smart Routing › should fallback to client-side if server request fails\n\n    thrown: \"Exceeded timeout of 5000 ms for a test.\n    Add a timeout value to this test to increase the timeout, if this is a long-running test. See https://jestjs.io/docs/api#testname-fn-timeout.\"\n\n      231 |         });\n      232 |\n    > 233 |         it('should fallback to client-side if server request fails', async () => {\n          |         ^\n      234 |              // Setup: Low-end device\n      235 |             (onnxSetup.checkONNXSupport as jest.Mock).mockResolvedValue({\n      236 |                 isLowEnd: true,\n\n      at it (src/utils/ml/__tests__/separateAudio.test.ts:233:9)\n      at describe (src/utils/ml/__tests__/separateAudio.test.ts:134:5)\n      at Object.describe (src/utils/ml/__tests__/separateAudio.test.ts:73:1)\n","name":"/home/k/Downloads/muzika/audio-karaoke-app/src/utils/ml/__tests__/separateAudio.test.ts","startTime":1771639634058,"status":"failed","summary":""},{"assertionResults":[{"ancestorTitles":["PitchCorrector","initialization"],"duration":11,"failureDetails":[],"failureMessages":[],"fullName":"PitchCorrector initialization should initialize with default settings","invocations":1,"location":null,"numPassingAsserts":5,"retryReasons":[],"status":"passed","title":"should initialize with default settings"},{"ancestorTitles":["PitchCorrector","initialization"],"duration":4,"failureDetails":[],"failureMessages":[],"fullName":"PitchCorrector initialization should initialize with custom settings","invocations":1,"location":null,"numPassingAsserts":5,"retryReasons":[],"status":"passed","title":"should initialize with custom settings"},{"ancestorTitles":["PitchCorrector","initialization"],"duration":1,"failureDetails":[],"failureMessages":[],"fullName":"PitchCorrector initialization should not be ready before initialization","invocations":1,"location":null,"numPassingAsserts":1,"retryReasons":[],"status":"passed","title":"should not be ready before initialization"},{"ancestorTitles":["PitchCorrector","settings management"],"duration":32,"failureDetails":[],"failureMessages":[],"fullName":"PitchCorrector settings management should update scale","invocations":1,"location":null,"numPassingAsserts":1,"retryReasons":[],"status":"passed","title":"should update scale"},{"ancestorTitles":["PitchCorrector","settings management"],"duration":6,"failureDetails":[],"failureMessages":[],"fullName":"PitchCorrector settings management should update reference key","invocations":1,"location":null,"numPassingAsserts":1,"retryReasons":[],"status":"passed","title":"should update reference key"},{"ancestorTitles":["PitchCorrector","settings management"],"duration":11,"failureDetails":[],"failureMessages":[],"fullName":"PitchCorrector settings management should clamp reference key to valid range","invocations":1,"location":null,"numPassingAsserts":2,"retryReasons":[],"status":"passed","title":"should clamp reference key to valid range"},{"ancestorTitles":["PitchCorrector","settings management"],"duration":4,"failureDetails":[],"failureMessages":[],"fullName":"PitchCorrector settings management should update retune speed","invocations":1,"location":null,"numPassingAsserts":1,"retryReasons":[],"status":"passed","title":"should update retune speed"},{"ancestorTitles":["PitchCorrector","settings management"],"duration":6,"failureDetails":[],"failureMessages":[],"fullName":"PitchCorrector settings management should clamp retune speed to valid range","invocations":1,"location":null,"numPassingAsserts":2,"retryReasons":[],"status":"passed","title":"should clamp retune speed to valid range"},{"ancestorTitles":["PitchCorrector","settings management"],"duration":5,"failureDetails":[],"failureMessages":[],"fullName":"PitchCorrector settings management should update correction amount","invocations":1,"location":null,"numPassingAsserts":1,"retryReasons":[],"status":"passed","title":"should update correction amount"},{"ancestorTitles":["PitchCorrector","settings management"],"duration":5,"failureDetails":[],"failureMessages":[],"fullName":"PitchCorrector settings management should clamp correction amount to valid range","invocations":1,"location":null,"numPassingAsserts":2,"retryReasons":[],"status":"passed","title":"should clamp correction amount to valid range"},{"ancestorTitles":["PitchCorrector","settings management"],"duration":4,"failureDetails":[],"failureMessages":[],"fullName":"PitchCorrector settings management should update multiple settings at once","invocations":1,"location":null,"numPassingAsserts":4,"retryReasons":[],"status":"passed","title":"should update multiple settings at once"},{"ancestorTitles":["PitchCorrector","enable/disable"],"duration":3,"failureDetails":[],"failureMessages":[],"fullName":"PitchCorrector enable/disable should enable pitch correction","invocations":1,"location":null,"numPassingAsserts":1,"retryReasons":[],"status":"passed","title":"should enable pitch correction"},{"ancestorTitles":["PitchCorrector","enable/disable"],"duration":5,"failureDetails":[],"failureMessages":[],"fullName":"PitchCorrector enable/disable should disable pitch correction","invocations":1,"location":null,"numPassingAsserts":1,"retryReasons":[],"status":"passed","title":"should disable pitch correction"},{"ancestorTitles":["PitchCorrector","scale intervals"],"duration":6,"failureDetails":[],"failureMessages":[],"fullName":"PitchCorrector scale intervals should return chromatic scale intervals","invocations":1,"location":null,"numPassingAsserts":1,"retryReasons":[],"status":"passed","title":"should return chromatic scale intervals"},{"ancestorTitles":["PitchCorrector","scale intervals"],"duration":3,"failureDetails":[],"failureMessages":[],"fullName":"PitchCorrector scale intervals should return major scale intervals","invocations":1,"location":null,"numPassingAsserts":1,"retryReasons":[],"status":"passed","title":"should return major scale intervals"},{"ancestorTitles":["PitchCorrector","scale intervals"],"duration":3,"failureDetails":[],"failureMessages":[],"fullName":"PitchCorrector scale intervals should return minor scale intervals","invocations":1,"location":null,"numPassingAsserts":1,"retryReasons":[],"status":"passed","title":"should return minor scale intervals"},{"ancestorTitles":["PitchCorrector","scale intervals"],"duration":3,"failureDetails":[],"failureMessages":[],"fullName":"PitchCorrector scale intervals should return pentatonic major scale intervals","invocations":1,"location":null,"numPassingAsserts":1,"retryReasons":[],"status":"passed","title":"should return pentatonic major scale intervals"},{"ancestorTitles":["PitchCorrector","scale intervals"],"duration":3,"failureDetails":[],"failureMessages":[],"fullName":"PitchCorrector scale intervals should return pentatonic minor scale intervals","invocations":1,"location":null,"numPassingAsserts":1,"retryReasons":[],"status":"passed","title":"should return pentatonic minor scale intervals"},{"ancestorTitles":["PitchCorrector","note finding"],"duration":6,"failureDetails":[],"failureMessages":[],"fullName":"PitchCorrector note finding should find nearest note in chromatic scale","invocations":1,"location":null,"numPassingAsserts":3,"retryReasons":[],"status":"passed","title":"should find nearest note in chromatic scale"},{"ancestorTitles":["PitchCorrector","note finding"],"duration":6,"failureDetails":[],"failureMessages":[],"fullName":"PitchCorrector note finding should find nearest note in major scale","invocations":1,"location":null,"numPassingAsserts":3,"retryReasons":[],"status":"passed","title":"should find nearest note in major scale"},{"ancestorTitles":["PitchCorrector","note finding"],"duration":5,"failureDetails":[],"failureMessages":[],"fullName":"PitchCorrector note finding should find nearest note in minor scale","invocations":1,"location":null,"numPassingAsserts":2,"retryReasons":[],"status":"passed","title":"should find nearest note in minor scale"},{"ancestorTitles":["PitchCorrector","frequency conversion"],"duration":5,"failureDetails":[],"failureMessages":[],"fullName":"PitchCorrector frequency conversion should convert MIDI to frequency","invocations":1,"location":null,"numPassingAsserts":3,"retryReasons":[],"status":"passed","title":"should convert MIDI to frequency"},{"ancestorTitles":["PitchCorrector","frequency conversion"],"duration":2,"failureDetails":[],"failureMessages":[],"fullName":"PitchCorrector frequency conversion should convert frequency to MIDI","invocations":1,"location":null,"numPassingAsserts":3,"retryReasons":[],"status":"passed","title":"should convert frequency to MIDI"},{"ancestorTitles":["PitchCorrector","frequency conversion"],"duration":2,"failureDetails":[],"failureMessages":[],"fullName":"PitchCorrector frequency conversion should be reversible conversions","invocations":1,"location":null,"numPassingAsserts":1,"retryReasons":[],"status":"passed","title":"should be reversible conversions"},{"ancestorTitles":["PitchCorrector","note names"],"duration":4,"failureDetails":[],"failureMessages":[],"fullName":"PitchCorrector note names should return correct note names","invocations":1,"location":null,"numPassingAsserts":5,"retryReasons":[],"status":"passed","title":"should return correct note names"},{"ancestorTitles":["PitchCorrector","pitch detection"],"duration":70,"failureDetails":[],"failureMessages":[],"fullName":"PitchCorrector pitch detection should detect pitch from buffer","invocations":1,"location":null,"numPassingAsserts":5,"retryReasons":[],"status":"passed","title":"should detect pitch from buffer"},{"ancestorTitles":["PitchCorrector","pitch detection"],"duration":10,"failureDetails":[],"failureMessages":[],"fullName":"PitchCorrector pitch detection should return null for silent buffer","invocations":1,"location":null,"numPassingAsserts":1,"retryReasons":[],"status":"passed","title":"should return null for silent buffer"},{"ancestorTitles":["PitchCorrector","pitch detection"],"duration":14,"failureDetails":[],"failureMessages":[],"fullName":"PitchCorrector pitch detection should return null for noise buffer","invocations":1,"location":null,"numPassingAsserts":1,"retryReasons":[],"status":"passed","title":"should return null for noise buffer"},{"ancestorTitles":["PitchCorrector","cleanup"],"duration":1,"failureDetails":[],"failureMessages":[],"fullName":"PitchCorrector cleanup should destroy corrector and clean up resources","invocations":1,"location":null,"numPassingAsserts":1,"retryReasons":[],"status":"passed","title":"should destroy corrector and clean up resources"}],"endTime":1771639653448,"message":"","name":"/home/k/Downloads/muzika/audio-karaoke-app/src/utils/audio/__tests__/pitchCorrection.test.ts","startTime":1771639652897,"status":"passed","summary":""},{"assertionResults":[{"ancestorTitles":["KeyDetector Core Logic"],"duration":705,"failureDetails":[],"failureMessages":[],"fullName":"KeyDetector Core Logic should detect C Major from a C-E-G arpeggio","invocations":1,"location":null,"numPassingAsserts":2,"retryReasons":[],"status":"passed","title":"should detect C Major from a C-E-G arpeggio"},{"ancestorTitles":["KeyDetector Core Logic"],"duration":617,"failureDetails":[],"failureMessages":[],"fullName":"KeyDetector Core Logic should detect D Minor from a D-F-A arpeggio","invocations":1,"location":null,"numPassingAsserts":2,"retryReasons":[],"status":"passed","title":"should detect D Minor from a D-F-A arpeggio"},{"ancestorTitles":["KeyDetector Core Logic"],"duration":4,"failureDetails":[],"failureMessages":[],"fullName":"KeyDetector Core Logic should return low confidence/fallback for silence","invocations":1,"location":null,"numPassingAsserts":3,"retryReasons":[],"status":"passed","title":"should return low confidence/fallback for silence"},{"ancestorTitles":["VocalRange"],"duration":2,"failureDetails":[],"failureMessages":[],"fullName":"VocalRange should suggest 0 shift for Tenor if track is in C Major","invocations":1,"location":null,"numPassingAsserts":1,"retryReasons":[],"status":"passed","title":"should suggest 0 shift for Tenor if track is in C Major"},{"ancestorTitles":["VocalRange"],"duration":2,"failureDetails":[],"failureMessages":[],"fullName":"VocalRange should suggest -2 shift for Tenor if track is in D Major","invocations":1,"location":null,"numPassingAsserts":1,"retryReasons":[],"status":"passed","title":"should suggest -2 shift for Tenor if track is in D Major"},{"ancestorTitles":["VocalRange"],"duration":2,"failureDetails":[],"failureMessages":[],"fullName":"VocalRange should suggest 0 shift for Soprano in C Major (octave adjusted)","invocations":1,"location":null,"numPassingAsserts":1,"retryReasons":[],"status":"passed","title":"should suggest 0 shift for Soprano in C Major (octave adjusted)"}],"endTime":1771639654408,"message":"","name":"/home/k/Downloads/muzika/audio-karaoke-app/src/utils/audio/__tests__/keyDetection.test.ts","startTime":1771639652323,"status":"passed","summary":""},{"assertionResults":[{"ancestorTitles":["STFT/ISTFT Processing"],"duration":764,"failureDetails":[],"failureMessages":[],"fullName":"STFT/ISTFT Processing should reconstruct a simple sine wave with minimal error","invocations":1,"location":null,"numPassingAsserts":2,"retryReasons":[],"status":"passed","title":"should reconstruct a simple sine wave with minimal error"},{"ancestorTitles":["STFT/ISTFT Processing"],"duration":57,"failureDetails":[],"failureMessages":[],"fullName":"STFT/ISTFT Processing should handle silence effectively","invocations":1,"location":null,"numPassingAsserts":1,"retryReasons":[],"status":"passed","title":"should handle silence effectively"}],"endTime":1771639654671,"message":"","name":"/home/k/Downloads/muzika/audio-karaoke-app/src/utils/audio/__tests__/stft.test.ts","startTime":1771639653614,"status":"passed","summary":""},{"assertionResults":[{"ancestorTitles":["PlaybackController — Stem Isolation","initStemStates"],"duration":31,"failureDetails":[],"failureMessages":[],"fullName":"PlaybackController — Stem Isolation initStemStates should initialise with correct labels and defaults","invocations":1,"location":null,"numPassingAsserts":7,"retryReasons":[],"status":"passed","title":"should initialise with correct labels and defaults"},{"ancestorTitles":["PlaybackController — Stem Isolation","initStemStates"],"duration":8,"failureDetails":[],"failureMessages":[],"fullName":"PlaybackController — Stem Isolation initStemStates should lazy-initialise if getStemStates called before explicit init","invocations":1,"location":null,"numPassingAsserts":1,"retryReasons":[],"status":"passed","title":"should lazy-initialise if getStemStates called before explicit init"},{"ancestorTitles":["PlaybackController — Stem Isolation","setStemVolume"],"duration":6,"failureDetails":[],"failureMessages":[],"fullName":"PlaybackController — Stem Isolation setStemVolume should set volume for a specific stem","invocations":1,"location":null,"numPassingAsserts":1,"retryReasons":[],"status":"passed","title":"should set volume for a specific stem"},{"ancestorTitles":["PlaybackController — Stem Isolation","setStemVolume"],"duration":5,"failureDetails":[],"failureMessages":[],"fullName":"PlaybackController — Stem Isolation setStemVolume should clamp volume to 0-1 range","invocations":1,"location":null,"numPassingAsserts":2,"retryReasons":[],"status":"passed","title":"should clamp volume to 0-1 range"},{"ancestorTitles":["PlaybackController — Stem Isolation","setStemVolume"],"duration":6,"failureDetails":[],"failureMessages":[],"fullName":"PlaybackController — Stem Isolation setStemVolume should be a no-op for invalid index","invocations":1,"location":null,"numPassingAsserts":0,"retryReasons":[],"status":"passed","title":"should be a no-op for invalid index"},{"ancestorTitles":["PlaybackController — Stem Isolation","toggleStemMute"],"duration":6,"failureDetails":[],"failureMessages":[],"fullName":"PlaybackController — Stem Isolation toggleStemMute should mute and unmute a stem","invocations":1,"location":null,"numPassingAsserts":2,"retryReasons":[],"status":"passed","title":"should mute and unmute a stem"},{"ancestorTitles":["PlaybackController — Stem Isolation","toggleStemMute"],"duration":6,"failureDetails":[],"failureMessages":[],"fullName":"PlaybackController — Stem Isolation toggleStemMute should restore original volume on unmute","invocations":1,"location":null,"numPassingAsserts":1,"retryReasons":[],"status":"passed","title":"should restore original volume on unmute"},{"ancestorTitles":["PlaybackController — Stem Isolation","toggleStemSolo"],"duration":9,"failureDetails":[],"failureMessages":[],"fullName":"PlaybackController — Stem Isolation toggleStemSolo should solo a stem, effectively muting others","invocations":1,"location":null,"numPassingAsserts":2,"retryReasons":[],"status":"passed","title":"should solo a stem, effectively muting others"},{"ancestorTitles":["PlaybackController — Stem Isolation","toggleStemSolo"],"duration":23,"failureDetails":[],"failureMessages":[],"fullName":"PlaybackController — Stem Isolation toggleStemSolo should un-solo a stem on second toggle","invocations":1,"location":null,"numPassingAsserts":1,"retryReasons":[],"status":"passed","title":"should un-solo a stem on second toggle"},{"ancestorTitles":["PlaybackController — Stem Isolation","toggleStemSolo"],"duration":8,"failureDetails":[],"failureMessages":[],"fullName":"PlaybackController — Stem Isolation toggleStemSolo should allow multiple solos","invocations":1,"location":null,"numPassingAsserts":3,"retryReasons":[],"status":"passed","title":"should allow multiple solos"},{"ancestorTitles":["PlaybackController — Stem Isolation","resetStems"],"duration":12,"failureDetails":[],"failureMessages":[],"fullName":"PlaybackController — Stem Isolation resetStems should reset all stems to defaults","invocations":1,"location":null,"numPassingAsserts":6,"retryReasons":[],"status":"passed","title":"should reset all stems to defaults"},{"ancestorTitles":["PlaybackController — Stem Isolation","applyStemPreset"],"duration":7,"failureDetails":[],"failureMessages":[],"fullName":"PlaybackController — Stem Isolation applyStemPreset karaoke preset should mute vocals","invocations":1,"location":null,"numPassingAsserts":1,"retryReasons":[],"status":"passed","title":"karaoke preset should mute vocals"},{"ancestorTitles":["PlaybackController — Stem Isolation","applyStemPreset"],"duration":6,"failureDetails":[],"failureMessages":[],"fullName":"PlaybackController — Stem Isolation applyStemPreset a-capella preset should solo vocals","invocations":1,"location":null,"numPassingAsserts":1,"retryReasons":[],"status":"passed","title":"a-capella preset should solo vocals"},{"ancestorTitles":["PlaybackController — Stem Isolation","applyStemPreset"],"duration":7,"failureDetails":[],"failureMessages":[],"fullName":"PlaybackController — Stem Isolation applyStemPreset full-mix preset should reset all","invocations":1,"location":null,"numPassingAsserts":6,"retryReasons":[],"status":"passed","title":"full-mix preset should reset all"},{"ancestorTitles":["PlaybackController — Stem Isolation","applyStemPreset"],"duration":7,"failureDetails":[],"failureMessages":[],"fullName":"PlaybackController — Stem Isolation applyStemPreset drums-only preset should solo drums if available","invocations":1,"location":null,"numPassingAsserts":1,"retryReasons":[],"status":"passed","title":"drums-only preset should solo drums if available"},{"ancestorTitles":["PlaybackController — Stem Isolation","applyStemPreset"],"duration":7,"failureDetails":[],"failureMessages":[],"fullName":"PlaybackController — Stem Isolation applyStemPreset bass-only preset should solo bass if available","invocations":1,"location":null,"numPassingAsserts":1,"retryReasons":[],"status":"passed","title":"bass-only preset should solo bass if available"}],"endTime":1771639655173,"message":"","name":"/home/k/Downloads/muzika/audio-karaoke-app/src/utils/audio/__tests__/stemIsolation.test.ts","startTime":1771639654517,"status":"passed","summary":""},{"assertionResults":[{"ancestorTitles":["WorkerPool"],"duration":16,"failureDetails":[],"failureMessages":[],"fullName":"WorkerPool initializes with minimum workers","invocations":1,"location":null,"numPassingAsserts":3,"retryReasons":[],"status":"passed","title":"initializes with minimum workers"},{"ancestorTitles":["WorkerPool"],"duration":13,"failureDetails":[],"failureMessages":[],"fullName":"WorkerPool executes a task successfully","invocations":1,"location":null,"numPassingAsserts":1,"retryReasons":[],"status":"passed","title":"executes a task successfully"},{"ancestorTitles":["WorkerPool"],"duration":9,"failureDetails":[],"failureMessages":[],"fullName":"WorkerPool queues tasks when max workers reached","invocations":1,"location":null,"numPassingAsserts":5,"retryReasons":[],"status":"passed","title":"queues tasks when max workers reached"},{"ancestorTitles":["WorkerPool"],"duration":6,"failureDetails":[],"failureMessages":[],"fullName":"WorkerPool reuses workers","invocations":1,"location":null,"numPassingAsserts":1,"retryReasons":[],"status":"passed","title":"reuses workers"},{"ancestorTitles":["WorkerPool"],"duration":7,"failureDetails":[],"failureMessages":[],"fullName":"WorkerPool terminates idle workers after timeout","invocations":1,"location":null,"numPassingAsserts":3,"retryReasons":[],"status":"passed","title":"terminates idle workers after timeout"},{"ancestorTitles":["WorkerPool"],"duration":5,"failureDetails":[],"failureMessages":[],"fullName":"WorkerPool handles worker errors","invocations":1,"location":null,"numPassingAsserts":1,"retryReasons":[],"status":"passed","title":"handles worker errors"},{"ancestorTitles":["WorkerPool"],"duration":6,"failureDetails":[],"failureMessages":[],"fullName":"WorkerPool resolves on STREAM_READY response","invocations":1,"location":null,"numPassingAsserts":1,"retryReasons":[],"status":"passed","title":"resolves on STREAM_READY response"},{"ancestorTitles":["WorkerPool"],"duration":8,"failureDetails":[],"failureMessages":[],"fullName":"WorkerPool resolves on CHUNK_PROCESSED response with payload","invocations":1,"location":null,"numPassingAsserts":3,"retryReasons":[],"status":"passed","title":"resolves on CHUNK_PROCESSED response with payload"},{"ancestorTitles":["WorkerPool"],"duration":6,"failureDetails":[],"failureMessages":[],"fullName":"WorkerPool resolves on COMPLETE response","invocations":1,"location":null,"numPassingAsserts":1,"retryReasons":[],"status":"passed","title":"resolves on COMPLETE response"},{"ancestorTitles":["WorkerPool"],"duration":6,"failureDetails":[],"failureMessages":[],"fullName":"WorkerPool rejects on FAILED response","invocations":1,"location":null,"numPassingAsserts":1,"retryReasons":[],"status":"passed","title":"rejects on FAILED response"},{"ancestorTitles":["WorkerPool"],"duration":6,"failureDetails":[],"failureMessages":[],"fullName":"WorkerPool PROGRESS messages do not resolve the task","invocations":1,"location":null,"numPassingAsserts":2,"retryReasons":[],"status":"passed","title":"PROGRESS messages do not resolve the task"},{"ancestorTitles":["WorkerPool"],"duration":4,"failureDetails":[],"failureMessages":[],"fullName":"WorkerPool lazy worker creation with minWorkers 0 (default)","invocations":1,"location":null,"numPassingAsserts":2,"retryReasons":[],"status":"passed","title":"lazy worker creation with minWorkers 0 (default)"},{"ancestorTitles":["WorkerPool"],"duration":5,"failureDetails":[],"failureMessages":[],"fullName":"WorkerPool spawns worker on first task when minWorkers is 0","invocations":1,"location":null,"numPassingAsserts":2,"retryReasons":[],"status":"passed","title":"spawns worker on first task when minWorkers is 0"}],"endTime":1771639655673,"message":"","name":"/home/k/Downloads/muzika/audio-karaoke-app/src/utils/worker/__tests__/WorkerPool.test.ts","startTime":1771639655234,"status":"passed","summary":""},{"assertionResults":[{"ancestorTitles":["usePlayback"],"duration":73,"failureDetails":[],"failureMessages":[],"fullName":"usePlayback initializes with default values","invocations":1,"location":null,"numPassingAsserts":5,"retryReasons":[],"status":"passed","title":"initializes with default values"},{"ancestorTitles":["usePlayback"],"duration":19,"failureDetails":[],"failureMessages":[],"fullName":"usePlayback updates isPlaying when controller emits play/pause","invocations":1,"location":null,"numPassingAsserts":2,"retryReasons":[],"status":"passed","title":"updates isPlaying when controller emits play/pause"},{"ancestorTitles":["usePlayback"],"duration":14,"failureDetails":[],"failureMessages":[],"fullName":"usePlayback updates currentTime when controller emits timeupdate","invocations":1,"location":null,"numPassingAsserts":2,"retryReasons":[],"status":"passed","title":"updates currentTime when controller emits timeupdate"},{"ancestorTitles":["usePlayback"],"duration":13,"failureDetails":[],"failureMessages":[],"fullName":"usePlayback calls controller methods when hook methods are called","invocations":1,"location":null,"numPassingAsserts":3,"retryReasons":[],"status":"passed","title":"calls controller methods when hook methods are called"}],"endTime":1771639656513,"message":"","name":"/home/k/Downloads/muzika/audio-karaoke-app/src/hooks/__tests__/usePlayback.test.ts","startTime":1771639655749,"status":"passed","summary":""},{"assertionResults":[{"ancestorTitles":["SpectralInferenceStrategy"],"duration":1538,"failureDetails":[],"failureMessages":[],"fullName":"SpectralInferenceStrategy should process audio through the full pipeline (STFT -> Mock Model -> ISTFT) and reconstruct signal","invocations":1,"location":null,"numPassingAsserts":6,"retryReasons":[],"status":"passed","title":"should process audio through the full pipeline (STFT -> Mock Model -> ISTFT) and reconstruct signal"}],"endTime":1771639656724,"message":"","name":"/home/k/Downloads/muzika/audio-karaoke-app/src/utils/ml/inference/__tests__/spectralStrategy.test.ts","startTime":1771639654753,"status":"passed","summary":""},{"assertionResults":[{"ancestorTitles":["Button"],"duration":344,"failureDetails":[],"failureMessages":[],"fullName":"Button renders with default props","invocations":1,"location":null,"numPassingAsserts":2,"retryReasons":[],"status":"passed","title":"renders with default props"},{"ancestorTitles":["Button"],"duration":54,"failureDetails":[],"failureMessages":[],"fullName":"Button applies variant classes correctly","invocations":1,"location":null,"numPassingAsserts":1,"retryReasons":[],"status":"passed","title":"applies variant classes correctly"},{"ancestorTitles":["Button"],"duration":67,"failureDetails":[],"failureMessages":[],"fullName":"Button renders loading state","invocations":1,"location":null,"numPassingAsserts":2,"retryReasons":[],"status":"passed","title":"renders loading state"},{"ancestorTitles":["Button"],"duration":16,"failureDetails":[],"failureMessages":[],"fullName":"Button renders icons","invocations":1,"location":null,"numPassingAsserts":1,"retryReasons":[],"status":"passed","title":"renders icons"},{"ancestorTitles":["Button"],"duration":38,"failureDetails":[],"failureMessages":[],"fullName":"Button handles disabled state","invocations":1,"location":null,"numPassingAsserts":1,"retryReasons":[],"status":"passed","title":"handles disabled state"}],"endTime":1771639657442,"message":"","name":"/home/k/Downloads/muzika/audio-karaoke-app/src/components/UI/__tests__/Button.test.tsx","startTime":1771639656563,"status":"passed","summary":""},{"assertionResults":[{"ancestorTitles":["LyricDisplay"],"duration":143,"failureDetails":[],"failureMessages":[],"fullName":"LyricDisplay renders waiting message when lyrics are null","invocations":1,"location":null,"numPassingAsserts":1,"retryReasons":[],"status":"passed","title":"renders waiting message when lyrics are null"},{"ancestorTitles":["LyricDisplay"],"duration":81,"failureDetails":[],"failureMessages":[],"fullName":"LyricDisplay renders lyrics lines correctly","invocations":1,"location":null,"numPassingAsserts":3,"retryReasons":[],"status":"passed","title":"renders lyrics lines correctly"}],"endTime":1771639657603,"message":"","name":"/home/k/Downloads/muzika/audio-karaoke-app/src/components/Karaoke/__tests__/LyricDisplay.test.tsx","startTime":1771639656783,"status":"passed","summary":""},{"assertionResults":[{"ancestorTitles":["/api/backend-files/[...path]","GET"],"duration":15,"failureDetails":[],"failureMessages":[],"fullName":"/api/backend-files/[...path] GET should return 400 for path traversal attempts","invocations":1,"location":null,"numPassingAsserts":2,"retryReasons":[],"status":"passed","title":"should return 400 for path traversal attempts"},{"ancestorTitles":["/api/backend-files/[...path]","GET"],"duration":2,"failureDetails":[],"failureMessages":[],"fullName":"/api/backend-files/[...path] GET should return 400 for disallowed file extensions","invocations":1,"location":null,"numPassingAsserts":1,"retryReasons":[],"status":"passed","title":"should return 400 for disallowed file extensions"},{"ancestorTitles":["/api/backend-files/[...path]","GET"],"duration":3,"failureDetails":[],"failureMessages":[],"fullName":"/api/backend-files/[...path] GET should return 404 when backend file not found","invocations":1,"location":null,"numPassingAsserts":2,"retryReasons":[],"status":"passed","title":"should return 404 when backend file not found"},{"ancestorTitles":["/api/backend-files/[...path]","OPTIONS"],"duration":1,"failureDetails":[],"failureMessages":[],"fullName":"/api/backend-files/[...path] OPTIONS should return 204 with CORS headers","invocations":1,"location":null,"numPassingAsserts":1,"retryReasons":[],"status":"passed","title":"should return 204 with CORS headers"}],"endTime":1771639657982,"message":"","name":"/home/k/Downloads/muzika/audio-karaoke-app/src/app/api/__tests__/backend-files.test.ts","startTime":1771639657724,"status":"passed","summary":""},{"assertionResults":[{"ancestorTitles":["WebGPUInferenceStrategy"],"duration":43,"failureDetails":[],"failureMessages":[],"fullName":"WebGPUInferenceStrategy should track and dispose all tensors after processChunk","invocations":1,"location":null,"numPassingAsserts":6,"retryReasons":[],"status":"passed","title":"should track and dispose all tensors after processChunk"},{"ancestorTitles":["WebGPUInferenceStrategy"],"duration":64,"failureDetails":[],"failureMessages":[],"fullName":"WebGPUInferenceStrategy should dispose tensors even when processChunk throws","invocations":1,"location":null,"numPassingAsserts":2,"retryReasons":[],"status":"passed","title":"should dispose tensors even when processChunk throws"}],"endTime":1771639657970,"message":"","name":"/home/k/Downloads/muzika/audio-karaoke-app/src/utils/ml/inference/__tests__/webgpuStrategy.test.ts","startTime":1771639657488,"status":"passed","summary":""},{"assertionResults":[{"ancestorTitles":["ErrorBoundary"],"duration":28,"failureDetails":[],"failureMessages":[],"fullName":"ErrorBoundary renders children when there is no error","invocations":1,"location":null,"numPassingAsserts":1,"retryReasons":[],"status":"passed","title":"renders children when there is no error"},{"ancestorTitles":["ErrorBoundary"],"duration":79,"failureDetails":[],"failureMessages":[],"fullName":"ErrorBoundary renders fallback UI when a child throws","invocations":1,"location":null,"numPassingAsserts":3,"retryReasons":[],"status":"passed","title":"renders fallback UI when a child throws"},{"ancestorTitles":["ErrorBoundary"],"duration":96,"failureDetails":[],"failureMessages":[],"fullName":"ErrorBoundary resets error state when Try to Resume is clicked","invocations":1,"location":null,"numPassingAsserts":2,"retryReasons":[],"status":"passed","title":"resets error state when Try to Resume is clicked"},{"ancestorTitles":["ErrorBoundary"],"duration":51,"failureDetails":[],"failureMessages":[],"fullName":"ErrorBoundary uses custom fallback when provided","invocations":1,"location":null,"numPassingAsserts":2,"retryReasons":[],"status":"passed","title":"uses custom fallback when provided"}],"endTime":1771639658702,"message":"","name":"/home/k/Downloads/muzika/audio-karaoke-app/src/components/UI/__tests__/ErrorBoundary.test.tsx","startTime":1771639658087,"status":"passed","summary":""},{"assertionResults":[{"ancestorTitles":["Storage Management","AudioCache Eviction"],"duration":290,"failureDetails":[],"failureMessages":[],"fullName":"Storage Management AudioCache Eviction should evict oldest entries when limit is exceeded","invocations":1,"location":null,"numPassingAsserts":2,"retryReasons":[],"status":"passed","title":"should evict oldest entries when limit is exceeded"},{"ancestorTitles":["Storage Management","StorageManager.runWithRetry"],"duration":33,"failureDetails":[],"failureMessages":[],"fullName":"Storage Management StorageManager.runWithRetry should retry operation after cleanup on QuotaExceededError","invocations":1,"location":null,"numPassingAsserts":3,"retryReasons":[],"status":"passed","title":"should retry operation after cleanup on QuotaExceededError"},{"ancestorTitles":["Storage Management","StorageManager.runWithRetry"],"duration":24,"failureDetails":[],"failureMessages":[],"fullName":"Storage Management StorageManager.runWithRetry should throw if non-quota error occurs","invocations":1,"location":null,"numPassingAsserts":2,"retryReasons":[],"status":"passed","title":"should throw if non-quota error occurs"}],"endTime":1771639658854,"message":"","name":"/home/k/Downloads/muzika/audio-karaoke-app/src/utils/storage/__tests__/storageEviction.test.ts","startTime":1771639658104,"status":"passed","summary":""},{"assertionResults":[{"ancestorTitles":["/api/backend-library"],"duration":10,"failureDetails":[],"failureMessages":[],"fullName":"/api/backend-library should return library data from Python backend","invocations":1,"location":null,"numPassingAsserts":3,"retryReasons":[],"status":"passed","title":"should return library data from Python backend"},{"ancestorTitles":["/api/backend-library"],"duration":3,"failureDetails":[],"failureMessages":[],"fullName":"/api/backend-library should return empty library when backend has no songs","invocations":1,"location":null,"numPassingAsserts":2,"retryReasons":[],"status":"passed","title":"should return empty library when backend has no songs"},{"ancestorTitles":["/api/backend-library"],"duration":1,"failureDetails":[],"failureMessages":[],"fullName":"/api/backend-library should return error status when Python backend fails","invocations":1,"location":null,"numPassingAsserts":1,"retryReasons":[],"status":"passed","title":"should return error status when Python backend fails"},{"ancestorTitles":["/api/backend-library"],"duration":27,"failureDetails":[],"failureMessages":[],"fullName":"/api/backend-library should return 503 when Python backend is unreachable","invocations":1,"location":null,"numPassingAsserts":2,"retryReasons":[],"status":"passed","title":"should return 503 when Python backend is unreachable"}],"endTime":1771639659142,"message":"","name":"/home/k/Downloads/muzika/audio-karaoke-app/src/app/api/__tests__/backend-library.test.ts","startTime":1771639658818,"status":"passed","summary":""},{"assertionResults":[{"ancestorTitles":["BufferPool AudioBuffer support"],"duration":10,"failureDetails":[],"failureMessages":[],"fullName":"BufferPool AudioBuffer support should acquire and release AudioBuffers","invocations":1,"location":null,"numPassingAsserts":3,"retryReasons":[],"status":"passed","title":"should acquire and release AudioBuffers"},{"ancestorTitles":["BufferPool AudioBuffer support"],"duration":3,"failureDetails":[],"failureMessages":[],"fullName":"BufferPool AudioBuffer support should respect maxPoolSize","invocations":1,"location":null,"numPassingAsserts":1,"retryReasons":[],"status":"passed","title":"should respect maxPoolSize"}],"endTime":1771639659488,"message":"","name":"/home/k/Downloads/muzika/audio-karaoke-app/src/utils/audio/__tests__/bufferPool.test.ts","startTime":1771639659223,"status":"passed","summary":""},{"assertionResults":[{"ancestorTitles":["/api/report-error","POST - Success Cases"],"duration":46,"failureDetails":[],"failureMessages":[],"fullName":"/api/report-error POST - Success Cases should accept valid error report with required fields","invocations":1,"location":null,"numPassingAsserts":2,"retryReasons":[],"status":"passed","title":"should accept valid error report with required fields"},{"ancestorTitles":["/api/report-error","POST - Success Cases"],"duration":26,"failureDetails":[],"failureMessages":[],"fullName":"/api/report-error POST - Success Cases should accept error report with all optional fields","invocations":1,"location":null,"numPassingAsserts":2,"retryReasons":[],"status":"passed","title":"should accept error report with all optional fields"},{"ancestorTitles":["/api/report-error","POST - Success Cases"],"duration":11,"failureDetails":[],"failureMessages":[],"fullName":"/api/report-error POST - Success Cases should log error with request metadata","invocations":1,"location":null,"numPassingAsserts":1,"retryReasons":[],"status":"passed","title":"should log error with request metadata"},{"ancestorTitles":["/api/report-error","POST - Validation Errors"],"duration":55,"failureDetails":[],"failureMessages":[],"fullName":"/api/report-error POST - Validation Errors should return 400 for missing message field","invocations":1,"location":null,"numPassingAsserts":3,"retryReasons":[],"status":"passed","title":"should return 400 for missing message field"},{"ancestorTitles":["/api/report-error","POST - Validation Errors"],"duration":7,"failureDetails":[],"failureMessages":[],"fullName":"/api/report-error POST - Validation Errors should accept empty message string","invocations":1,"location":null,"numPassingAsserts":2,"retryReasons":[],"status":"passed","title":"should accept empty message string"},{"ancestorTitles":["/api/report-error","POST - Validation Errors"],"duration":6,"failureDetails":[],"failureMessages":[],"fullName":"/api/report-error POST - Validation Errors should return 400 for invalid message type","invocations":1,"location":null,"numPassingAsserts":2,"retryReasons":[],"status":"passed","title":"should return 400 for invalid message type"},{"ancestorTitles":["/api/report-error","POST - Optional Fields"],"duration":4,"failureDetails":[],"failureMessages":[],"fullName":"/api/report-error POST - Optional Fields should accept report without stack field","invocations":1,"location":null,"numPassingAsserts":1,"retryReasons":[],"status":"passed","title":"should accept report without stack field"},{"ancestorTitles":["/api/report-error","POST - Optional Fields"],"duration":4,"failureDetails":[],"failureMessages":[],"fullName":"/api/report-error POST - Optional Fields should accept report without component field","invocations":1,"location":null,"numPassingAsserts":1,"retryReasons":[],"status":"passed","title":"should accept report without component field"},{"ancestorTitles":["/api/report-error","POST - Optional Fields"],"duration":2,"failureDetails":[],"failureMessages":[],"fullName":"/api/report-error POST - Optional Fields should accept report with complex metadata","invocations":1,"location":null,"numPassingAsserts":1,"retryReasons":[],"status":"passed","title":"should accept report with complex metadata"},{"ancestorTitles":["/api/report-error","POST - Error Handling"],"duration":4,"failureDetails":[],"failureMessages":[],"fullName":"/api/report-error POST - Error Handling should handle malformed JSON","invocations":1,"location":null,"numPassingAsserts":2,"retryReasons":[],"status":"passed","title":"should handle malformed JSON"},{"ancestorTitles":["/api/report-error","POST - Error Handling"],"duration":2,"failureDetails":[],"failureMessages":[],"fullName":"/api/report-error POST - Error Handling should use default headers when custom headers not provided","invocations":1,"location":null,"numPassingAsserts":1,"retryReasons":[],"status":"passed","title":"should use default headers when custom headers not provided"}],"endTime":1771639659997,"message":"","name":"/home/k/Downloads/muzika/audio-karaoke-app/src/app/api/__tests__/report-error.test.ts","startTime":1771639658983,"status":"passed","summary":""},{"assertionResults":[{"ancestorTitles":["AudioWorkletManager","Initialization"],"duration":41,"failureDetails":[],"failureMessages":[],"fullName":"AudioWorkletManager Initialization should initialize successfully","invocations":1,"location":null,"numPassingAsserts":2,"retryReasons":[],"status":"passed","title":"should initialize successfully"},{"ancestorTitles":["AudioWorkletManager","Initialization"],"duration":11,"failureDetails":[],"failureMessages":[],"fullName":"AudioWorkletManager Initialization should not initialize twice","invocations":1,"location":null,"numPassingAsserts":2,"retryReasons":[],"status":"passed","title":"should not initialize twice"},{"ancestorTitles":["AudioWorkletManager","Initialization"],"duration":17,"failureDetails":[],"failureMessages":[],"fullName":"AudioWorkletManager Initialization should load the worklet script","invocations":1,"location":null,"numPassingAsserts":1,"retryReasons":[],"status":"passed","title":"should load the worklet script"},{"ancestorTitles":["AudioWorkletManager","Initialization"],"duration":7,"failureDetails":[],"failureMessages":[],"fullName":"AudioWorkletManager Initialization should create an AudioWorkletNode","invocations":1,"location":null,"numPassingAsserts":2,"retryReasons":[],"status":"passed","title":"should create an AudioWorkletNode"},{"ancestorTitles":["AudioWorkletManager","Configuration"],"duration":11,"failureDetails":[],"failureMessages":[],"fullName":"AudioWorkletManager Configuration should set gain","invocations":1,"location":null,"numPassingAsserts":0,"retryReasons":[],"status":"passed","title":"should set gain"},{"ancestorTitles":["AudioWorkletManager","Configuration"],"duration":3,"failureDetails":[],"failureMessages":[],"fullName":"AudioWorkletManager Configuration should set bypass mode","invocations":1,"location":null,"numPassingAsserts":0,"retryReasons":[],"status":"passed","title":"should set bypass mode"},{"ancestorTitles":["AudioWorkletManager","Configuration"],"duration":3,"failureDetails":[],"failureMessages":[],"fullName":"AudioWorkletManager Configuration should register metrics callback","invocations":1,"location":null,"numPassingAsserts":1,"retryReasons":[],"status":"passed","title":"should register metrics callback"},{"ancestorTitles":["AudioWorkletManager","Configuration"],"duration":10,"failureDetails":[],"failureMessages":[],"fullName":"AudioWorkletManager Configuration should get average metrics","invocations":1,"location":null,"numPassingAsserts":1,"retryReasons":[],"status":"passed","title":"should get average metrics"},{"ancestorTitles":["AudioWorkletManager","Cleanup"],"duration":5,"failureDetails":[],"failureMessages":[],"fullName":"AudioWorkletManager Cleanup should destroy and clean up resources","invocations":1,"location":null,"numPassingAsserts":2,"retryReasons":[],"status":"passed","title":"should destroy and clean up resources"},{"ancestorTitles":["AudioWorkletManager","Cleanup"],"duration":11,"failureDetails":[],"failureMessages":[],"fullName":"AudioWorkletManager Cleanup should handle multiple destroy calls","invocations":1,"location":null,"numPassingAsserts":1,"retryReasons":[],"status":"passed","title":"should handle multiple destroy calls"},{"ancestorTitles":["AudioWorkletManager","Error Handling"],"duration":34,"failureDetails":[],"failureMessages":[],"fullName":"AudioWorkletManager Error Handling should handle initialization errors","invocations":1,"location":null,"numPassingAsserts":1,"retryReasons":[],"status":"passed","title":"should handle initialization errors"}],"endTime":1771639660445,"message":"","name":"/home/k/Downloads/muzika/audio-karaoke-app/src/utils/audio/__tests__/audioWorkletManager.test.ts","startTime":1771639659553,"status":"passed","summary":""},{"assertionResults":[{"ancestorTitles":["/api/status","GET"],"duration":26,"failureDetails":[],"failureMessages":[],"fullName":"/api/status GET should return 200 status","invocations":1,"location":null,"numPassingAsserts":2,"retryReasons":[],"status":"passed","title":"should return 200 status"},{"ancestorTitles":["/api/status","GET"],"duration":28,"failureDetails":[],"failureMessages":[],"fullName":"/api/status GET should return correct response structure","invocations":1,"location":null,"numPassingAsserts":8,"retryReasons":[],"status":"passed","title":"should return correct response structure"},{"ancestorTitles":["/api/status","GET"],"duration":11,"failureDetails":[],"failureMessages":[],"fullName":"/api/status GET should return status as ok","invocations":1,"location":null,"numPassingAsserts":1,"retryReasons":[],"status":"passed","title":"should return status as ok"},{"ancestorTitles":["/api/status","GET"],"duration":11,"failureDetails":[],"failureMessages":[],"fullName":"/api/status GET should return valid uptime in seconds","invocations":1,"location":null,"numPassingAsserts":2,"retryReasons":[],"status":"passed","title":"should return valid uptime in seconds"},{"ancestorTitles":["/api/status","GET"],"duration":10,"failureDetails":[],"failureMessages":[],"fullName":"/api/status GET should return ISO timestamp","invocations":1,"location":null,"numPassingAsserts":2,"retryReasons":[],"status":"passed","title":"should return ISO timestamp"},{"ancestorTitles":["/api/status","GET"],"duration":4,"failureDetails":[],"failureMessages":[],"fullName":"/api/status GET should return current environment","invocations":1,"location":null,"numPassingAsserts":1,"retryReasons":[],"status":"passed","title":"should return current environment"},{"ancestorTitles":["/api/status","GET"],"duration":6,"failureDetails":[],"failureMessages":[],"fullName":"/api/status GET should return node version","invocations":1,"location":null,"numPassingAsserts":2,"retryReasons":[],"status":"passed","titl
[...]
Name":"FileValidator should validate audio duration","invocations":1,"location":null,"numPassingAsserts":4,"retryReasons":[],"status":"passed","title":"should validate audio duration"}],"endTime":1771639664779,"message":"","name":"/home/k/Downloads/muzika/audio-karaoke-app/src/utils/validation/__tests__/FileValidator.test.ts","startTime":1771639664017,"status":"passed","summary":""},{"assertionResults":[{"ancestorTitles":["ProgressTracker"],"duration":10,"failureDetails":[],"failureMessages":[],"fullName":"ProgressTracker should initialize correctly","invocations":1,"location":null,"numPassingAsserts":3,"retryReasons":[],"status":"passed","title":"should initialize correctly"},{"ancestorTitles":["ProgressTracker"],"duration":5,"failureDetails":[],"failureMessages":[],"fullName":"ProgressTracker should calculate speed and eta","invocations":1,"location":null,"numPassingAsserts":4,"retryReasons":[],"status":"passed","title":"should calculate speed and eta"},{"ancestorTitles":["ProgressTracker"],"duration":3,"failureDetails":[],"failureMessages":[],"fullName":"ProgressTracker should smooth speed calculation","invocations":1,"location":null,"numPassingAsserts":2,"retryReasons":[],"status":"passed","title":"should smooth speed calculation"}],"endTime":1771639664870,"message":"","name":"/home/k/Downloads/muzika/audio-karaoke-app/src/utils/progress/__tests__/ProgressTracker.test.ts","startTime":1771639664251,"status":"passed","summary":""},{"assertionResults":[{"ancestorTitles":["playlistStorage","createPlaylist"],"duration":20,"failureDetails":[],"failureMessages":[],"fullName":"playlistStorage createPlaylist should add a new playlist to the database","invocations":1,"location":null,"numPassingAsserts":2,"retryReasons":[],"status":"passed","title":"should add a new playlist to the database"},{"ancestorTitles":["playlistStorage","getAllPlaylists"],"duration":3,"failureDetails":[],"failureMessages":[],"fullName":"playlistStorage getAllPlaylists should return all playlists sorted by updated date","invocations":1,"location":null,"numPassingAsserts":2,"retryReasons":[],"status":"passed","title":"should return all playlists sorted by updated date"},{"ancestorTitles":["playlistStorage","addSongToPlaylist"],"duration":4,"failureDetails":[],"failureMessages":[],"fullName":"playlistStorage addSongToPlaylist should add a song ID to an existing playlist","invocations":1,"location":null,"numPassingAsserts":1,"retryReasons":[],"status":"passed","title":"should add a song ID to an existing playlist"}],"endTime":1771639665283,"message":"","name":"/home/k/Downloads/muzika/audio-karaoke-app/src/utils/storage/__tests__/playlistStorage.test.ts","startTime":1771639664918,"status":"passed","summary":""},{"assertionResults":[{"ancestorTitles":["normalizeText"],"duration":15,"failureDetails":[],"failureMessages":[],"fullName":"normalizeText should lowercase and strip punctuation","invocations":1,"location":null,"numPassingAsserts":1,"retryReasons":[],"status":"passed","title":"should lowercase and strip punctuation"},{"ancestorTitles":["normalizeText"],"duration":3,"failureDetails":[],"failureMessages":[],"fullName":"normalizeText should collapse whitespace","invocations":1,"location":null,"numPassingAsserts":1,"retryReasons":[],"status":"passed","title":"should collapse whitespace"},{"ancestorTitles":["normalizeText"],"duration":3,"failureDetails":[],"failureMessages":[],"fullName":"normalizeText should handle empty string","invocations":1,"location":null,"numPassingAsserts":1,"retryReasons":[],"status":"passed","title":"should handle empty string"},{"ancestorTitles":["normalizeText"],"duration":9,"failureDetails":[],"failureMessages":[],"fullName":"normalizeText should preserve Unicode letters","invocations":1,"location":null,"numPassingAsserts":1,"retryReasons":[],"status":"passed","title":"should preserve Unicode letters"},{"ancestorTitles":["editDistance"],"duration":6,"failureDetails":[],"failureMessages":[],"fullName":"editDistance should return 0 for identical strings","invocations":1,"location":null,"numPassingAsserts":1,"retryReasons":[],"status":"passed","title":"should return 0 for identical strings"},{"ancestorTitles":["editDistance"],"duration":5,"failureDetails":[],"failureMessages":[],"fullName":"editDistance should return length for empty vs non-empty","invocations":1,"location":null,"numPassingAsserts":2,"retryReasons":[],"status":"passed","title":"should return length for empty vs non-empty"},{"ancestorTitles":["editDistance"],"duration":2,"failureDetails":[],"failureMessages":[],"fullName":"editDistance should calculate single substitution","invocations":1,"location":null,"numPassingAsserts":1,"retryReasons":[],"status":"passed","title":"should calculate single substitution"},{"ancestorTitles":["editDistance"],"duration":5,"failureDetails":[],"failureMessages":[],"fullName":"editDistance should calculate insertions and deletions","invocations":1,"location":null,"numPassingAsserts":1,"retryReasons":[],"status":"passed","title":"should calculate insertions and deletions"},{"ancestorTitles":["dtwAlign"],"duration":7,"failureDetails":[],"failureMessages":[],"fullName":"dtwAlign should return empty array for empty inputs","invocations":1,"location":null,"numPassingAsserts":2,"retryReasons":[],"status":"passed","title":"should return empty array for empty inputs"},{"ancestorTitles":["dtwAlign"],"duration":14,"failureDetails":[],"failureMessages":[],"fullName":"dtwAlign should align matching words correctly","invocations":1,"location":null,"numPassingAsserts":3,"retryReasons":[],"status":"passed","title":"should align matching words correctly"},{"ancestorTitles":["dtwAlign"],"duration":159,"failureDetails":[],"failureMessages":[],"fullName":"dtwAlign should handle more whisper words than lyrics","invocations":1,"location":null,"numPassingAsserts":3,"retryReasons":[],"status":"passed","title":"should handle more whisper words than lyrics"},{"ancestorTitles":["alignLyricsToTranscription"],"duration":8,"failureDetails":[],"failureMessages":[],"fullName":"alignLyricsToTranscription should produce lines with word-level timestamps","invocations":1,"location":null,"numPassingAsserts":4,"retryReasons":[],"status":"passed","title":"should produce lines with word-level timestamps"},{"ancestorTitles":["alignLyricsToTranscription"],"duration":10,"failureDetails":[],"failureMessages":[],"fullName":"alignLyricsToTranscription should handle multi-line lyrics","invocations":1,"location":null,"numPassingAsserts":3,"retryReasons":[],"status":"passed","title":"should handle multi-line lyrics"},{"ancestorTitles":["alignLyricsToTranscription"],"duration":5,"failureDetails":[],"failureMessages":[],"fullName":"alignLyricsToTranscription should handle segment-level fallback when no words","invocations":1,"location":null,"numPassingAsserts":1,"retryReasons":[],"status":"passed","title":"should handle segment-level fallback when no words"}],"endTime":1771639665713,"message":"","name":"/home/k/Downloads/muzika/audio-karaoke-app/src/utils/audio/__tests__/lyricSync.test.ts","startTime":1771639664853,"status":"passed","summary":""},{"assertionResults":[{"ancestorTitles":["getScaleNotes"],"duration":5,"failureDetails":[],"failureMessages":[],"fullName":"getScaleNotes should return correct pitch classes for C major","invocations":1,"location":null,"numPassingAsserts":1,"retryReasons":[],"status":"passed","title":"should return correct pitch classes for C major"},{"ancestorTitles":["getScaleNotes"],"duration":2,"failureDetails":[],"failureMessages":[],"fullName":"getScaleNotes should return correct pitch classes for A minor","invocations":1,"location":null,"numPassingAsserts":1,"retryReasons":[],"status":"passed","title":"should return correct pitch classes for A minor"},{"ancestorTitles":["getScaleNotes"],"duration":9,"failureDetails":[],"failureMessages":[],"fullName":"getScaleNotes should return correct pitch classes for G major","invocations":1,"location":null,"numPassingAsserts":1,"retryReasons":[],"status":"passed","title":"should return correct pitch classes for G major"},{"ancestorTitles":["getScaleNotes"],"duration":4,"failureDetails":[],"failureMessages":[],"fullName":"getScaleNotes should return correct pitch classes for D minor","invocations":1,"location":null,"numPassingAsserts":1,"retryReasons":[],"status":"passed","title":"should return correct pitch classes for D minor"},{"ancestorTitles":["getHarmonyIntervals"],"duration":14,"failureDetails":[],"failureMessages":[],"fullName":"getHarmonyIntervals should compute diatonic 3rd and 5th for C4 in C major","invocations":1,"location":null,"numPassingAsserts":6,"retryReasons":[],"status":"passed","title":"should compute diatonic 3rd and 5th for C4 in C major"},{"ancestorTitles":["getHarmonyIntervals"],"duration":5,"failureDetails":[],"failureMessages":[],"fullName":"getHarmonyIntervals should compute diatonic 3rd and 5th for D4 in C major","invocations":1,"location":null,"numPassingAsserts":6,"retryReasons":[],"status":"passed","title":"should compute diatonic 3rd and 5th for D4 in C major"},{"ancestorTitles":["getHarmonyIntervals"],"duration":13,"failureDetails":[],"failureMessages":[],"fullName":"getHarmonyIntervals should always include an octave suggestion","invocations":1,"location":null,"numPassingAsserts":3,"retryReasons":[],"status":"passed","title":"should always include an octave suggestion"},{"ancestorTitles":["getHarmonyIntervals"],"duration":14,"failureDetails":[],"failureMessages":[],"fullName":"getHarmonyIntervals should use chromatic fallback for notes outside the scale","invocations":1,"location":null,"numPassingAsserts":2,"retryReasons":[],"status":"passed","title":"should use chromatic fallback for notes outside the scale"},{"ancestorTitles":["getHarmonyIntervals"],"duration":3,"failureDetails":[],"failureMessages":[],"fullName":"getHarmonyIntervals should provide correct note names","invocations":1,"location":null,"numPassingAsserts":1,"retryReasons":[],"status":"passed","title":"should provide correct note names"},{"ancestorTitles":["getHarmonyIntervals"],"duration":10,"failureDetails":[],"failureMessages":[],"fullName":"getHarmonyIntervals should compute B3→D4 in C major (wrapping around scale)","invocations":1,"location":null,"numPassingAsserts":2,"retryReasons":[],"status":"passed","title":"should compute B3→D4 in C major (wrapping around scale)"},{"ancestorTitles":["isHarmonyMatch"],"duration":3,"failureDetails":[],"failureMessages":[],"fullName":"isHarmonyMatch should detect a perfect major 3rd","invocations":1,"location":null,"numPassingAsserts":3,"retryReasons":[],"status":"passed","title":"should detect a perfect major 3rd"},{"ancestorTitles":["isHarmonyMatch"],"duration":2,"failureDetails":[],"failureMessages":[],"fullName":"isHarmonyMatch should detect a perfect 5th","invocations":1,"location":null,"numPassingAsserts":3,"retryReasons":[],"status":"passed","title":"should detect a perfect 5th"},{"ancestorTitles":["isHarmonyMatch"],"duration":5,"failureDetails":[],"failureMessages":[],"fullName":"isHarmonyMatch should detect an octave","invocations":1,"location":null,"numPassingAsserts":3,"retryReasons":[],"status":"passed","title":"should detect an octave"},{"ancestorTitles":["isHarmonyMatch"],"duration":7,"failureDetails":[],"failureMessages":[],"fullName":"isHarmonyMatch should reject a note that is not a harmony interval","invocations":1,"location":null,"numPassingAsserts":2,"retryReasons":[],"status":"passed","title":"should reject a note that is not a harmony interval"},{"ancestorTitles":["isHarmonyMatch"],"duration":3,"failureDetails":[],"failureMessages":[],"fullName":"isHarmonyMatch should accept a slightly detuned harmony within tolerance","invocations":1,"location":null,"numPassingAsserts":4,"retryReasons":[],"status":"passed","title":"should accept a slightly detuned harmony within tolerance"},{"ancestorTitles":["isHarmonyMatch"],"duration":1,"failureDetails":[],"failureMessages":[],"fullName":"isHarmonyMatch should reject a harmony that is outside tolerance","invocations":1,"location":null,"numPassingAsserts":1,"retryReasons":[],"status":"passed","title":"should reject a harmony that is outside tolerance"}],"endTime":1771639666025,"message":"","name":"/home/k/Downloads/muzika/audio-karaoke-app/src/utils/audio/__tests__/harmonyGuide.test.ts","startTime":1771639665335,"status":"passed","summary":""},{"assertionResults":[{"ancestorTitles":["ReverbProcessor","initialization"],"duration":489,"failureDetails":[],"failureMessages":[],"fullName":"ReverbProcessor initialization should initialize with default settings","invocations":1,"location":null,"numPassingAsserts":6,"retryReasons":[],"status":"passed","title":"should initialize with default settings"},{"ancestorTitles":["ReverbProcessor","initialization"],"duration":2063,"failureDetails":[],"failureMessages":[],"fullName":"ReverbProcessor initialization should initialize with custom settings","invocations":1,"location":null,"numPassingAsserts":6,"retryReasons":[],"status":"passed","title":"should initialize with custom settings"},{"ancestorTitles":["ReverbProcessor","initialization"],"duration":471,"failureDetails":[],"failureMessages":[],"fullName":"ReverbProcessor initialization should be ready after initialization","invocations":1,"location":null,"numPassingAsserts":1,"retryReasons":[],"status":"passed","title":"should be ready after initialization"},{"ancestorTitles":["ReverbProcessor","initialization"],"duration":467,"failureDetails":[],"failureMessages":[],"fullName":"ReverbProcessor initialization should provide input and output nodes","invocations":1,"location":null,"numPassingAsserts":2,"retryReasons":[],"status":"passed","title":"should provide input and output nodes"},{"ancestorTitles":["ReverbProcessor","settings management"],"duration":2099,"failureDetails":[],"failureMessages":[],"fullName":"ReverbProcessor settings management should update decay time","invocations":1,"location":null,"numPassingAsserts":1,"retryReasons":[],"status":"passed","title":"should update decay time"},{"ancestorTitles":["ReverbProcessor","settings management"],"duration":3251,"failureDetails":[],"failureMessages":[],"fullName":"ReverbProcessor settings management should clamp decay time to valid range","invocations":1,"location":null,"numPassingAsserts":2,"retryReasons":[],"status":"passed","title":"should clamp decay time to valid range"},{"ancestorTitles":["ReverbProcessor","settings management"],"duration":1599,"failureDetails":[],"failureMessages":[],"fullName":"ReverbProcessor settings management should update room size","invocations":1,"location":null,"numPassingAsserts":1,"retryReasons":[],"status":"passed","title":"should update room size"},{"ancestorTitles":["ReverbProcessor","settings management"],"duration":1068,"failureDetails":[],"failureMessages":[],"fullName":"ReverbProcessor settings management should update pre-delay","invocations":1,"location":null,"numPassingAsserts":1,"retryReasons":[],"status":"passed","title":"should update pre-delay"},{"ancestorTitles":["ReverbProcessor","settings management"],"duration":589,"failureDetails":[],"failureMessages":[],"fullName":"ReverbProcessor settings management should clamp pre-delay to valid range","invocations":1,"location":null,"numPassingAsserts":2,"retryReasons":[],"status":"passed","title":"should clamp pre-delay to valid range"},{"ancestorTitles":["ReverbProcessor","settings management"],"duration":527,"failureDetails":[],"failureMessages":[],"fullName":"ReverbProcessor settings management should update wet level","invocations":1,"location":null,"numPassingAsserts":1,"retryReasons":[],"status":"passed","title":"should update wet level"},{"ancestorTitles":["ReverbProcessor","settings management"],"duration":537,"failureDetails":[],"failureMessages":[],"fullName":"ReverbProcessor settings management should clamp wet level to valid range","invocations":1,"location":null,"numPassingAsserts":2,"retryReasons":[],"status":"passed","title":"should clamp wet level to valid range"},{"ancestorTitles":["ReverbProcessor","settings management"],"duration":621,"failureDetails":[],"failureMessages":[],"fullName":"ReverbProcessor settings management should update dry level","invocations":1,"location":null,"numPassingAsserts":1,"retryReasons":[],"status":"passed","title":"should update dry level"},{"ancestorTitles":["ReverbProcessor","settings management"],"duration":1170,"failureDetails":[],"failureMessages":[],"fullName":"ReverbProcessor settings management should clamp dry level to valid range","invocations":1,"location":null,"numPassingAsserts":2,"retryReasons":[],"status":"passed","title":"should clamp dry level to valid range"},{"ancestorTitles":["ReverbProcessor","settings management"],"duration":2703,"failureDetails":[],"failureMessages":[],"fullName":"ReverbProcessor settings management should update multiple settings at once","invocations":1,"location":null,"numPassingAsserts":3,"retryReasons":[],"status":"passed","title":"should update multiple settings at once"},{"ancestorTitles":["ReverbProcessor","enable/disable"],"duration":783,"failureDetails":[],"failureMessages":[],"fullName":"ReverbProcessor enable/disable should enable reverb effect","invocations":1,"location":null,"numPassingAsserts":1,"retryReasons":[],"status":"passed","title":"should enable reverb effect"},{"ancestorTitles":["ReverbProcessor","enable/disable"],"duration":696,"failureDetails":[],"failureMessages":[],"fullName":"ReverbProcessor enable/disable should disable reverb effect","invocations":1,"location":null,"numPassingAsserts":1,"retryReasons":[],"status":"passed","title":"should disable reverb effect"},{"ancestorTitles":["ReverbProcessor","presets"],"duration":3563,"failureDetails":[],"failureMessages":[],"fullName":"ReverbProcessor presets should apply hall preset","invocations":1,"location":null,"numPassingAsserts":4,"retryReasons":[],"status":"passed","title":"should apply hall preset"},{"ancestorTitles":["ReverbProcessor","presets"],"duration":1656,"failureDetails":[],"failureMessages":[],"fullName":"ReverbProcessor presets should apply room preset","invocations":1,"location":null,"numPassingAsserts":4,"retryReasons":[],"status":"passed","title":"should apply room preset"},{"ancestorTitles":["ReverbProcessor","presets"],"duration":1804,"failureDetails":[],"failureMessages":[],"fullName":"ReverbProcessor presets should apply plate preset","invocations":1,"location":null,"numPassingAsserts":4,"retryReasons":[],"status":"passed","title":"should apply plate preset"},{"ancestorTitles":["ReverbProcessor","presets"],"duration":3467,"failureDetails":[],"failureMessages":[],"fullName":"ReverbProcessor presets should apply chamber preset","invocations":1,"location":null,"numPassingAsserts":4,"retryReasons":[],"status":"passed","title":"should apply chamber preset"},{"ancestorTitles":["ReverbProcessor","presets"],"duration":618,"failureDetails":[],"failureMessages":[],"fullName":"ReverbProcessor presets should apply spring preset","invocations":1,"location":null,"numPassingAsserts":4,"retryReasons":[],"status":"passed","title":"should apply spring preset"},{"ancestorTitles":["ReverbProcessor","presets"],"duration":489,"failureDetails":[],"failureMessages":[],"fullName":"ReverbProcessor presets should return available presets","invocations":1,"location":null,"numPassingAsserts":6,"retryReasons":[],"status":"passed","title":"should return available presets"},{"ancestorTitles":["ReverbProcessor","cleanup"],"duration":482,"failureDetails":[],"failureMessages":[],"fullName":"ReverbProcessor cleanup should destroy processor and disconnect nodes","invocations":1,"location":null,"numPassingAsserts":1,"retryReasons":[],"status":"passed","title":"should destroy processor and disconnect nodes"}],"endTime":1771639668529,"message":"","name":"/home/k/Downloads/muzika/audio-karaoke-app/src/utils/audio/__tests__/reverbProcessor.test.ts","startTime":1771639637007,"status":"passed","summary":""}],"wasInterrupted":false}
